<?xml version="1.0" ?><testsuite failures="0" name="SystemTests" skipped="19" tests="361" time="3985.7000000000003"><testcase classname="SystemTests.ISISIndirectInelastic" name="IRISCalibration" time="0.02" totalTime="0.02"><memory>5.98046875</memory></testcase><testcase classname="SystemTests.ISISIndirectInelastic" name="IRISConvFit" time="0.54" totalTime="0.54"><memory>10.6875</memory></testcase><testcase classname="SystemTests.ISISIndirectInelastic" name="IRISDiagnostics" time="0.03" totalTime="0.03"><memory>10.0078125</memory></testcase><testcase classname="SystemTests.ISISIndirectInelastic" name="IRISElwinAndMSDFit" time="0.15" totalTime="0.15"><memory>8.42578125</memory></testcase><testcase classname="SystemTests.ISISIndirectInelastic" name="IRISIqtAndIqtFit" time="2.27" totalTime="2.27"><memory>4.6640625</memory></testcase><testcase classname="SystemTests.ISISIndirectInelastic" name="IRISIqtAndIqtFitMulti" time="2.22" totalTime="2.22"><memory>12.60546875</memory></testcase><testcase classname="SystemTests.ISISIndirectInelastic" name="IRISMoments" time="0.04" totalTime="0.04"><memory>6.48046875</memory></testcase><testcase classname="SystemTests.ISISIndirectInelastic" name="IRISMultiFileReduction" time="0.07" totalTime="0.07"><memory>13.15625</memory></testcase><testcase classname="SystemTests.ISISIndirectInelastic" name="IRISMultiFileSummedReduction" time="0.06" totalTime="0.06"><memory>11.01953125</memory></testcase><testcase classname="SystemTests.ISISIndirectInelastic" name="IRISReduction" time="0.04" totalTime="0.04"><memory>7.5</memory></testcase><testcase classname="SystemTests.ISISIndirectInelastic" name="IRISResolution" time="0.04" totalTime="0.04"><memory>7.36328125</memory></testcase><testcase classname="SystemTests.ISISIndirectInelastic" name="IRISTransmissionMonitor" time="0.06" totalTime="0.06"><memory>11.0546875</memory></testcase><testcase classname="SystemTests.ISISIndirectInelastic" name="OSIRISCalibration" time="17.74" totalTime="17.74"><memory>16.90625</memory></testcase><testcase classname="SystemTests.ISISIndirectInelastic" name="OSIRISConvFit" time="0.48" totalTime="0.48"><memory>7.01171875</memory></testcase><testcase classname="SystemTests.ISISIndirectInelastic" name="OSIRISDiagnostics" time="0.09" totalTime="0.09"><memory>15.6484375</memory></testcase><testcase classname="SystemTests.ISISIndirectInelastic" name="OSIRISElwinAndMSDFit" time="0.17" totalTime="0.17"><memory>11.390625</memory></testcase><testcase classname="SystemTests.ISISIndirectInelastic" name="OSIRISIqtAndIqtFit" time="1.94" totalTime="1.94"><memory>6.69921875</memory></testcase><testcase classname="SystemTests.ISISIndirectInelastic" name="OSIRISIqtAndIqtFitMulti" time="2.3" totalTime="2.3"><memory>13.29296875</memory></testcase><testcase classname="SystemTests.ISISIndirectInelastic" name="OSIRISMoments" time="0.06" totalTime="0.06"><memory>8.2265625</memory></testcase><testcase classname="SystemTests.ISISIndirectInelastic" name="OSIRISMultiFileReduction" time="0.15" totalTime="0.15"><memory>19.546875</memory></testcase><testcase classname="SystemTests.ISISIndirectInelastic" name="OSIRISMultiFileSummedReduction" time="0.15" totalTime="0.15"><memory>10.4609375</memory></testcase><testcase classname="SystemTests.ISISIndirectInelastic" name="OSIRISReduction" time="0.09" totalTime="0.09"><memory>12.16015625</memory></testcase><testcase classname="SystemTests.ISISIndirectInelastic" name="OSIRISResolution" time="0.09" totalTime="0.09"><memory>10.140625</memory></testcase><testcase classname="SystemTests.ISISIndirectInelastic" name="TOSCAMultiFileReduction" time="0.99" totalTime="0.99"><memory>10.4921875</memory></testcase><testcase classname="SystemTests.ISISIndirectInelastic" name="TOSCAMultiFileReductionWithDifferentMaskedDetectors" time="1.58" totalTime="1.58"><memory>8.69140625</memory></testcase><testcase classname="SystemTests.ISISIndirectInelastic" name="TOSCAMultiFileSummedReduction" time="0.78" totalTime="0.78"><memory>5.25390625</memory></testcase><testcase classname="SystemTests.ISISIndirectInelastic" name="TOSCAMultiFileSummedReductionWithDifferentMaskedDetectors" time="1.28" totalTime="1.28"><memory>11.546875</memory></testcase><testcase classname="SystemTests.ISISIndirectInelastic" name="TOSCAReduction" time="0.33" totalTime="0.33"><memory>6.00390625</memory></testcase><testcase classname="SystemTests.ISISIndirectInelastic" name="TOSCASimpleReductionUsingOldRunNumber" time="0.28" totalTime="0.28"><memory>10.203125</memory></testcase><testcase classname="SystemTests.MagnetismReflectometryReductionTest" name="MRDANGLE0Test" time="2.4" totalTime="2.4"><memory>10.95703125</memory></testcase><testcase classname="SystemTests.MagnetismReflectometryReductionTest" name="MRDIRPIXTest" time="2.25" totalTime="2.25"><memory>11.2109375</memory></testcase><testcase classname="SystemTests.MagnetismReflectometryReductionTest" name="MRFilterCrossSectionsTest" time="2.34" totalTime="2.34"><memory>12.125</memory></testcase><testcase classname="SystemTests.MagnetismReflectometryReductionTest" name="MRFilterCrossSectionsWithWorkspaceTest" time="2.13" totalTime="2.13"><memory>182.28515625</memory></testcase><testcase classname="SystemTests.MagnetismReflectometryReductionTest" name="MRGetThetaTest" time="0.5" totalTime="0.5"><memory>7.44921875</memory></testcase><testcase classname="SystemTests.MagnetismReflectometryReductionTest" name="MRInspectionOverwritesTest" time="2.31" totalTime="2.31"><memory>20.4140625</memory></testcase><testcase classname="SystemTests.MagnetismReflectometryReductionTest" name="MRInspectionTest" time="2.33" totalTime="2.33"><memory>22.12890625</memory></testcase><testcase classname="SystemTests.MagnetismReflectometryReductionTest" name="MRNormaWorkspaceTest" time="2.24" totalTime="2.24"><memory>10.91015625</memory></testcase><testcase classname="SystemTests.MagnetismReflectometryReductionTest" name="MROutputTest" time="2.27" totalTime="2.27"><memory>11.421875</memory></testcase><testcase classname="SystemTests.MagnetismReflectometryReductionTest" name="MagnetismReflectometryReductionConstQTest" time="2.98" totalTime="2.98"><memory>12.98828125</memory></testcase><testcase classname="SystemTests.MagnetismReflectometryReductionTest" name="MagnetismReflectometryReductionConstQWLCutTest" time="3.0" totalTime="3.0"><memory>12.44921875</memory></testcase><testcase classname="SystemTests.MagnetismReflectometryReductionTest" name="MagnetismReflectometryReductionSkipRebinTest" time="2.33" totalTime="2.33"><memory>12.03515625</memory></testcase><testcase classname="SystemTests.MagnetismReflectometryReductionTest" name="MagnetismReflectometryReductionTest" time="2.35" totalTime="2.35"><memory>12.66015625</memory></testcase><testcase classname="SystemTests.ReflectometryFloodCorrection" name="ReflectometryApplyFloodWorkspace" time="1.69" totalTime="1.69"><memory>25.83203125</memory></testcase><testcase classname="SystemTests.ReflectometryFloodCorrection" name="ReflectometryApplyFloodWorkspaceRebinned" time="1.68" totalTime="1.68"><memory>21.8359375</memory></testcase><testcase classname="SystemTests.ReflectometryFloodCorrection" name="ReflectometryApplyFloodWorkspaceUnits" time="1.67" totalTime="1.67"><memory>25.078125</memory></testcase><testcase classname="SystemTests.ReflectometryFloodCorrection" name="ReflectometryCreateFloodWorkspaceCentralPixel" time="0.02" totalTime="0.02"><memory>4.16015625</memory></testcase><testcase classname="SystemTests.ReflectometryFloodCorrection" name="ReflectometryCreateFloodWorkspaceCentralPixelExclude" time="0.02" totalTime="0.02"><memory>4.1640625</memory></testcase><testcase classname="SystemTests.ReflectometryFloodCorrection" name="ReflectometryCreateFloodWorkspaceCentralPixelRange" time="0.02" totalTime="0.02"><memory>4.265625</memory></testcase><testcase classname="SystemTests.ReflectometryFloodCorrection" name="ReflectometryCreateFloodWorkspaceDivisionByZero" time="0.02" totalTime="0.02"><memory>3.78125</memory></testcase><testcase classname="SystemTests.ReflectometryFloodCorrection" name="ReflectometryCreateFloodWorkspaceExclude" time="1.55" totalTime="1.55"><memory>19.1171875</memory></testcase><testcase classname="SystemTests.ReflectometryFloodCorrection" name="ReflectometryCreateFloodWorkspaceIntegrationRange" time="0.02" totalTime="0.02"><memory>4.16015625</memory></testcase><testcase classname="SystemTests.ReflectometryFloodCorrection" name="ReflectometryCreateFloodWorkspaceNegativeBackground" time="0.02" totalTime="0.02"><memory>3.74609375</memory></testcase><testcase classname="SystemTests.ReflectometryFloodCorrection" name="ReflectometryCreateFloodWorkspaceNoExclude" time="1.56" totalTime="1.56"><memory>24.7421875</memory></testcase><testcase classname="SystemTests.ReflectometryFloodCorrection" name="ReflectometryCreateFloodWorkspaceQuadratic" time="1.57" totalTime="1.57"><memory>22.9296875</memory></testcase><testcase classname="SystemTests.ISISDirectInelastic" name="LETReduction" time="25.54" totalTime="25.54"><memory>223.359375</memory></testcase><testcase classname="SystemTests.ISISDirectInelastic" name="LETReductionEvent2015Multirep" time="75.08" totalTime="75.08"><memory>212.984375</memory></testcase><testcase classname="SystemTests.ISISDirectInelastic" name="MAPSDgreduceReduction" time="16.11" totalTime="16.11"><memory>107.45703125</memory></testcase><testcase classname="SystemTests.ISISDirectInelastic" name="MARIReductionAutoEi" time="0.47" totalTime="0.47"><memory>17.484375</memory></testcase><testcase classname="SystemTests.ISISDirectInelastic" name="MARIReductionFromFile" time="0.48" totalTime="0.48"><memory>10.9375</memory></testcase><testcase classname="SystemTests.ISISDirectInelastic" name="MARIReductionFromFileCache" time="0.69" totalTime="0.69"><memory>11.44140625</memory></testcase><testcase classname="SystemTests.ISISDirectInelastic" name="MARIReductionFromWorkspace" time="0.35" totalTime="0.35"><memory>13.87109375</memory></testcase><testcase classname="SystemTests.ISISDirectInelastic" name="MARIReductionMon2Norm" time="0.4" totalTime="0.4"><memory>10.71875</memory></testcase><testcase classname="SystemTests.ISISDirectInelastic" name="MARIReductionMonSeparate" time="0.4" totalTime="0.4"><memory>8.05859375</memory></testcase><testcase classname="SystemTests.ISISDirectInelastic" name="MARIReductionSum" time="0.33" totalTime="0.33"><memory>13.44921875</memory></testcase><testcase classname="SystemTests.ISISDirectInelastic" name="MARIReductionWaitAndSum" time="0.77" totalTime="0.77"><memory>15.27734375</memory></testcase><testcase classname="SystemTests.ISISDirectInelastic" name="MERLINReduction" time="20.94" totalTime="20.94"><memory>101.7890625</memory></testcase><testcase classname="SystemTests.ISISIndirectBayesTest" name="JumpCETest" time="0.03" totalTime="0.03"><memory>2.17578125</memory></testcase><testcase classname="SystemTests.ISISIndirectBayesTest" name="JumpFickTest" time="0.02" totalTime="0.02"><memory>2.21484375</memory></testcase><testcase classname="SystemTests.ISISIndirectBayesTest" name="JumpHallRossTest" time="0.02" totalTime="0.02"><memory>2.25390625</memory></testcase><testcase classname="SystemTests.ISISIndirectBayesTest" name="JumpTeixeiraTest" time="0.02" totalTime="0.02"><memory>2.2421875</memory></testcase><testcase classname="SystemTests.ISISIndirectBayesTest" name="QLDataTest"><skipped message="
ConfigService-[Information] Unable to locate directory at: /etc/mantid/instrument
ConfigService-[Information] This is Mantid version 6.3.20220422.945 revision g8656f37
ConfigService-[Information] running on ndw1851 starting 2022-04-23T01:32Z
ConfigService-[Information] Properties file(s) loaded: /opt/mantidnightly/bin/Mantid.properties, /home/abc/.mantid/Mantid.user.properties
ConfigService-[Information] Unable to locate directory at: /etc/mantid/instrument
FrameworkManager-[Notice] Welcome to Mantid 6.3.20220422.945
FrameworkManager-[Notice] Please cite: http://dx.doi.org/10.1016/j.nima.2014.07.029 and this release: http://dx.doi.org/10.5286/Software/Mantid
FrameworkManager-[Information] Instrument updates disabled - cannot update instrument definitions.
FrameworkManager-[Information] Version check disabled.
">
ConfigService-[Information] Unable to locate directory at: /etc/mantid/instrument
ConfigService-[Information] This is Mantid version 6.3.20220422.945 revision g8656f37
ConfigService-[Information] running on ndw1851 starting 2022-04-23T01:32Z
ConfigService-[Information] Properties file(s) loaded: /opt/mantidnightly/bin/Mantid.properties, /home/abc/.mantid/Mantid.user.properties
ConfigService-[Information] Unable to locate directory at: /etc/mantid/instrument
FrameworkManager-[Notice] Welcome to Mantid 6.3.20220422.945
FrameworkManager-[Notice] Please cite: http://dx.doi.org/10.1016/j.nima.2014.07.029 and this release: http://dx.doi.org/10.5286/Software/Mantid
FrameworkManager-[Information] Instrument updates disabled - cannot update instrument definitions.
FrameworkManager-[Information] Version check disabled.
</skipped></testcase><testcase classname="SystemTests.ISISIndirectBayesTest" name="QLResNormTest"><skipped message="
ConfigService-[Information] Unable to locate directory at: /etc/mantid/instrument
ConfigService-[Information] This is Mantid version 6.3.20220422.945 revision g8656f37
ConfigService-[Information] running on ndw1851 starting 2022-04-23T01:32Z
ConfigService-[Information] Properties file(s) loaded: /opt/mantidnightly/bin/Mantid.properties, /home/abc/.mantid/Mantid.user.properties
ConfigService-[Information] Unable to locate directory at: /etc/mantid/instrument
FrameworkManager-[Notice] Welcome to Mantid 6.3.20220422.945
FrameworkManager-[Notice] Please cite: http://dx.doi.org/10.1016/j.nima.2014.07.029 and this release: http://dx.doi.org/10.5286/Software/Mantid
FrameworkManager-[Information] Instrument updates disabled - cannot update instrument definitions.
FrameworkManager-[Information] Version check disabled.
">
ConfigService-[Information] Unable to locate directory at: /etc/mantid/instrument
ConfigService-[Information] This is Mantid version 6.3.20220422.945 revision g8656f37
ConfigService-[Information] running on ndw1851 starting 2022-04-23T01:32Z
ConfigService-[Information] Properties file(s) loaded: /opt/mantidnightly/bin/Mantid.properties, /home/abc/.mantid/Mantid.user.properties
ConfigService-[Information] Unable to locate directory at: /etc/mantid/instrument
FrameworkManager-[Notice] Welcome to Mantid 6.3.20220422.945
FrameworkManager-[Notice] Please cite: http://dx.doi.org/10.1016/j.nima.2014.07.029 and this release: http://dx.doi.org/10.5286/Software/Mantid
FrameworkManager-[Information] Instrument updates disabled - cannot update instrument definitions.
FrameworkManager-[Information] Version check disabled.
</skipped></testcase><testcase classname="SystemTests.ISISIndirectBayesTest" name="QLWidthTest"><skipped message="
ConfigService-[Information] Unable to locate directory at: /etc/mantid/instrument
ConfigService-[Information] This is Mantid version 6.3.20220422.945 revision g8656f37
ConfigService-[Information] running on ndw1851 starting 2022-04-23T01:32Z
ConfigService-[Information] Properties file(s) loaded: /opt/mantidnightly/bin/Mantid.properties, /home/abc/.mantid/Mantid.user.properties
ConfigService-[Information] Unable to locate directory at: /etc/mantid/instrument
FrameworkManager-[Notice] Welcome to Mantid 6.3.20220422.945
FrameworkManager-[Notice] Please cite: http://dx.doi.org/10.1016/j.nima.2014.07.029 and this release: http://dx.doi.org/10.5286/Software/Mantid
FrameworkManager-[Information] Instrument updates disabled - cannot update instrument definitions.
FrameworkManager-[Information] Version check disabled.
">
ConfigService-[Information] Unable to locate directory at: /etc/mantid/instrument
ConfigService-[Information] This is Mantid version 6.3.20220422.945 revision g8656f37
ConfigService-[Information] running on ndw1851 starting 2022-04-23T01:32Z
ConfigService-[Information] Properties file(s) loaded: /opt/mantidnightly/bin/Mantid.properties, /home/abc/.mantid/Mantid.user.properties
ConfigService-[Information] Unable to locate directory at: /etc/mantid/instrument
FrameworkManager-[Notice] Welcome to Mantid 6.3.20220422.945
FrameworkManager-[Notice] Please cite: http://dx.doi.org/10.1016/j.nima.2014.07.029 and this release: http://dx.doi.org/10.5286/Software/Mantid
FrameworkManager-[Information] Instrument updates disabled - cannot update instrument definitions.
FrameworkManager-[Information] Version check disabled.
</skipped></testcase><testcase classname="SystemTests.ISISIndirectBayesTest" name="QLresTest"><skipped message="
ConfigService-[Information] Unable to locate directory at: /etc/mantid/instrument
ConfigService-[Information] This is Mantid version 6.3.20220422.945 revision g8656f37
ConfigService-[Information] running on ndw1851 starting 2022-04-23T01:32Z
ConfigService-[Information] Properties file(s) loaded: /opt/mantidnightly/bin/Mantid.properties, /home/abc/.mantid/Mantid.user.properties
ConfigService-[Information] Unable to locate directory at: /etc/mantid/instrument
FrameworkManager-[Notice] Welcome to Mantid 6.3.20220422.945
FrameworkManager-[Notice] Please cite: http://dx.doi.org/10.1016/j.nima.2014.07.029 and this release: http://dx.doi.org/10.5286/Software/Mantid
FrameworkManager-[Information] Instrument updates disabled - cannot update instrument definitions.
FrameworkManager-[Information] Version check disabled.
">
ConfigService-[Information] Unable to locate directory at: /etc/mantid/instrument
ConfigService-[Information] This is Mantid version 6.3.20220422.945 revision g8656f37
ConfigService-[Information] running on ndw1851 starting 2022-04-23T01:32Z
ConfigService-[Information] Properties file(s) loaded: /opt/mantidnightly/bin/Mantid.properties, /home/abc/.mantid/Mantid.user.properties
ConfigService-[Information] Unable to locate directory at: /etc/mantid/instrument
FrameworkManager-[Notice] Welcome to Mantid 6.3.20220422.945
FrameworkManager-[Notice] Please cite: http://dx.doi.org/10.1016/j.nima.2014.07.029 and this release: http://dx.doi.org/10.5286/Software/Mantid
FrameworkManager-[Information] Instrument updates disabled - cannot update instrument definitions.
FrameworkManager-[Information] Version check disabled.
</skipped></testcase><testcase classname="SystemTests.ISISIndirectBayesTest" name="QSeTest"><skipped message="
ConfigService-[Information] Unable to locate directory at: /etc/mantid/instrument
ConfigService-[Information] This is Mantid version 6.3.20220422.945 revision g8656f37
ConfigService-[Information] running on ndw1851 starting 2022-04-23T01:32Z
ConfigService-[Information] Properties file(s) loaded: /opt/mantidnightly/bin/Mantid.properties, /home/abc/.mantid/Mantid.user.properties
ConfigService-[Information] Unable to locate directory at: /etc/mantid/instrument
FrameworkManager-[Notice] Welcome to Mantid 6.3.20220422.945
FrameworkManager-[Notice] Please cite: http://dx.doi.org/10.1016/j.nima.2014.07.029 and this release: http://dx.doi.org/10.5286/Software/Mantid
FrameworkManager-[Information] Instrument updates disabled - cannot update instrument definitions.
FrameworkManager-[Information] Version check disabled.
">
ConfigService-[Information] Unable to locate directory at: /etc/mantid/instrument
ConfigService-[Information] This is Mantid version 6.3.20220422.945 revision g8656f37
ConfigService-[Information] running on ndw1851 starting 2022-04-23T01:32Z
ConfigService-[Information] Properties file(s) loaded: /opt/mantidnightly/bin/Mantid.properties, /home/abc/.mantid/Mantid.user.properties
ConfigService-[Information] Unable to locate directory at: /etc/mantid/instrument
FrameworkManager-[Notice] Welcome to Mantid 6.3.20220422.945
FrameworkManager-[Notice] Please cite: http://dx.doi.org/10.1016/j.nima.2014.07.029 and this release: http://dx.doi.org/10.5286/Software/Mantid
FrameworkManager-[Information] Instrument updates disabled - cannot update instrument definitions.
FrameworkManager-[Information] Version check disabled.
</skipped></testcase><testcase classname="SystemTests.ISISIndirectBayesTest" name="QuestTest"><skipped message="
ConfigService-[Information] Unable to locate directory at: /etc/mantid/instrument
ConfigService-[Information] This is Mantid version 6.3.20220422.945 revision g8656f37
ConfigService-[Information] running on ndw1851 starting 2022-04-23T01:32Z
ConfigService-[Information] Properties file(s) loaded: /opt/mantidnightly/bin/Mantid.properties, /home/abc/.mantid/Mantid.user.properties
ConfigService-[Information] Unable to locate directory at: /etc/mantid/instrument
FrameworkManager-[Notice] Welcome to Mantid 6.3.20220422.945
FrameworkManager-[Notice] Please cite: http://dx.doi.org/10.1016/j.nima.2014.07.029 and this release: http://dx.doi.org/10.5286/Software/Mantid
FrameworkManager-[Information] Instrument updates disabled - cannot update instrument definitions.
FrameworkManager-[Information] Version check disabled.
">
ConfigService-[Information] Unable to locate directory at: /etc/mantid/instrument
ConfigService-[Information] This is Mantid version 6.3.20220422.945 revision g8656f37
ConfigService-[Information] running on ndw1851 starting 2022-04-23T01:32Z
ConfigService-[Information] Properties file(s) loaded: /opt/mantidnightly/bin/Mantid.properties, /home/abc/.mantid/Mantid.user.properties
ConfigService-[Information] Unable to locate directory at: /etc/mantid/instrument
FrameworkManager-[Notice] Welcome to Mantid 6.3.20220422.945
FrameworkManager-[Notice] Please cite: http://dx.doi.org/10.1016/j.nima.2014.07.029 and this release: http://dx.doi.org/10.5286/Software/Mantid
FrameworkManager-[Information] Instrument updates disabled - cannot update instrument definitions.
FrameworkManager-[Information] Version check disabled.
</skipped></testcase><testcase classname="SystemTests.ISISIndirectBayesTest" name="ResNormTest"><skipped message="
ConfigService-[Information] Unable to locate directory at: /etc/mantid/instrument
ConfigService-[Information] This is Mantid version 6.3.20220422.945 revision g8656f37
ConfigService-[Information] running on ndw1851 starting 2022-04-23T01:32Z
ConfigService-[Information] Properties file(s) loaded: /opt/mantidnightly/bin/Mantid.properties, /home/abc/.mantid/Mantid.user.properties
ConfigService-[Information] Unable to locate directory at: /etc/mantid/instrument
FrameworkManager-[Notice] Welcome to Mantid 6.3.20220422.945
FrameworkManager-[Notice] Please cite: http://dx.doi.org/10.1016/j.nima.2014.07.029 and this release: http://dx.doi.org/10.5286/Software/Mantid
FrameworkManager-[Information] Instrument updates disabled - cannot update instrument definitions.
FrameworkManager-[Information] Version check disabled.
">
ConfigService-[Information] Unable to locate directory at: /etc/mantid/instrument
ConfigService-[Information] This is Mantid version 6.3.20220422.945 revision g8656f37
ConfigService-[Information] running on ndw1851 starting 2022-04-23T01:32Z
ConfigService-[Information] Properties file(s) loaded: /opt/mantidnightly/bin/Mantid.properties, /home/abc/.mantid/Mantid.user.properties
ConfigService-[Information] Unable to locate directory at: /etc/mantid/instrument
FrameworkManager-[Notice] Welcome to Mantid 6.3.20220422.945
FrameworkManager-[Notice] Please cite: http://dx.doi.org/10.1016/j.nima.2014.07.029 and this release: http://dx.doi.org/10.5286/Software/Mantid
FrameworkManager-[Information] Instrument updates disabled - cannot update instrument definitions.
FrameworkManager-[Information] Version check disabled.
</skipped></testcase><testcase classname="SystemTests.ISIS_PowderPearlTest" name="CreateCalTest" time="0.85" totalTime="0.85"><memory>8.40234375</memory></testcase><testcase classname="SystemTests.ISIS_PowderPearlTest" name="CreateVanadiumAllTest" time="4.59" totalTime="4.59"><memory>10.55078125</memory></testcase><testcase classname="SystemTests.ISIS_PowderPearlTest" name="CreateVanadiumAndFocusCustomMode" time="9.43" totalTime="9.43"><memory>12.55078125</memory></testcase><testcase classname="SystemTests.ISIS_PowderPearlTest" name="CreateVanadiumGroupsTest" time="4.62" totalTime="4.62"><memory>12.59765625</memory></testcase><testcase classname="SystemTests.ISIS_PowderPearlTest" name="CreateVanadiumModsTest" time="4.73" totalTime="4.73"><memory>10.0234375</memory></testcase><testcase classname="SystemTests.ISIS_PowderPearlTest" name="CreateVanadiumTransTest" time="4.56" totalTime="4.56"><memory>10.890625</memory></testcase><testcase classname="SystemTests.ISIS_PowderPearlTest" name="FocusLongThenShortTest" time="2.6" totalTime="2.6"><memory>15.765625</memory></testcase><testcase classname="SystemTests.ISIS_PowderPearlTest" name="FocusTest" time="1.57" totalTime="1.57"><memory>12.28515625</memory></testcase><testcase classname="SystemTests.ISIS_PowderPearlTest" name="FocusWithAbsorbCorrectionsTest" time="1.83" totalTime="1.83"><memory>11.4296875</memory></testcase><testcase classname="SystemTests.ISIS_PowderPearlTest" name="FocusWithoutEmptySubtractionTest" time="1.21" totalTime="1.21"><memory>13.3203125</memory></testcase><testcase classname="SystemTests.ISIS_PowderPearlTest" name="_CreateVanadiumTest"><skipped message="
ConfigService-[Information] Unable to locate directory at: /etc/mantid/instrument
ConfigService-[Information] This is Mantid version 6.3.20220422.945 revision g8656f37
ConfigService-[Information] running on ndw1851 starting 2022-04-23T01:33Z
ConfigService-[Information] Properties file(s) loaded: /opt/mantidnightly/bin/Mantid.properties, /home/abc/.mantid/Mantid.user.properties
ConfigService-[Information] Unable to locate directory at: /etc/mantid/instrument
FrameworkManager-[Notice] Welcome to Mantid 6.3.20220422.945
FrameworkManager-[Notice] Please cite: http://dx.doi.org/10.1016/j.nima.2014.07.029 and this release: http://dx.doi.org/10.5286/Software/Mantid
FrameworkManager-[Information] Instrument updates disabled - cannot update instrument definitions.
FrameworkManager-[Information] Version check disabled.
">
ConfigService-[Information] Unable to locate directory at: /etc/mantid/instrument
ConfigService-[Information] This is Mantid version 6.3.20220422.945 revision g8656f37
ConfigService-[Information] running on ndw1851 starting 2022-04-23T01:33Z
ConfigService-[Information] Properties file(s) loaded: /opt/mantidnightly/bin/Mantid.properties, /home/abc/.mantid/Mantid.user.properties
ConfigService-[Information] Unable to locate directory at: /etc/mantid/instrument
FrameworkManager-[Notice] Welcome to Mantid 6.3.20220422.945
FrameworkManager-[Notice] Please cite: http://dx.doi.org/10.1016/j.nima.2014.07.029 and this release: http://dx.doi.org/10.5286/Software/Mantid
FrameworkManager-[Information] Instrument updates disabled - cannot update instrument definitions.
FrameworkManager-[Information] Version check disabled.
</skipped></testcase><testcase classname="SystemTests.ISIS_PowderPolarisTest" name="CreateVanadiumTest" time="248.21" totalTime="248.21"><memory>142.84375</memory></testcase><testcase classname="SystemTests.ISIS_PowderPolarisTest" name="FocusTest" time="3.12" totalTime="3.12"><memory>13.91796875</memory></testcase><testcase classname="SystemTests.ISIS_PowderPolarisTest" name="FocusTestChopperMode" time="4.01" totalTime="4.01"><memory>12.40234375</memory></testcase><testcase classname="SystemTests.ISIS_PowderPolarisTest" name="TotalScatteringFilterTest" time="76.97" totalTime="76.97"><memory>13.375</memory></testcase><testcase classname="SystemTests.ISIS_PowderPolarisTest" name="TotalScatteringLorchFilterTest" time="2.39" totalTime="2.39"><memory>11.08203125</memory></testcase><testcase classname="SystemTests.ISIS_PowderPolarisTest" name="TotalScatteringMergedRebinTest" time="2.34" totalTime="2.34"><memory>11.5546875</memory></testcase><testcase classname="SystemTests.ISIS_PowderPolarisTest" name="TotalScatteringMergedTest" time="2.61" totalTime="2.61"><memory>12.84375</memory></testcase><testcase classname="SystemTests.ISIS_PowderPolarisTest" name="TotalScatteringPDFRebinTest" time="2.64" totalTime="2.64"><memory>9.28125</memory></testcase><testcase classname="SystemTests.ISIS_PowderPolarisTest" name="TotalScatteringPdfTypeTest" time="2.66" totalTime="2.66"><memory>10.83984375</memory></testcase><testcase classname="SystemTests.ISIS_PowderPolarisTest" name="TotalScatteringTest" time="2.42" totalTime="2.42"><memory>9.58984375</memory></testcase><testcase classname="SystemTests.LiquidsReflectometryReductionWithBackgroundTest" name="BadDataTOFRangeTest" time="0.53" totalTime="0.53"><memory>7.35546875</memory></testcase><testcase classname="SystemTests.LiquidsReflectometryReductionWithBackgroundTest" name="BadPeakSelectionTest" time="1.16" totalTime="1.16"><memory>10.38671875</memory></testcase><testcase classname="SystemTests.LiquidsReflectometryReductionWithBackgroundTest" name="LiquidsReflectometryReductionWithBackgroundPreciseTest" time="1.19" totalTime="1.19"><memory>5.5390625</memory></testcase><testcase classname="SystemTests.LiquidsReflectometryReductionWithBackgroundTest" name="NoBackgroundTest" time="1.11" totalTime="1.11"><memory>11.0234375</memory></testcase><testcase classname="SystemTests.LiquidsReflectometryReductionWithBackgroundTest" name="NoNormalizationTest" time="0.78" totalTime="0.78"><memory>4.78515625</memory></testcase><testcase classname="SystemTests.LiquidsReflectometryReductionWithBackgroundTest" name="TOFMismatchTest" time="0.93" totalTime="0.93"><memory>5.03125</memory></testcase><testcase classname="SystemTests.LiquidsReflectometryReductionWithBackgroundTest" name="TOFRangeOFFTest" time="1.19" totalTime="1.19"><memory>7.55859375</memory></testcase><testcase classname="SystemTests.VesuvioCommandsTest" name="BankByBankForwardSpectraNoBackground" time="75.41" totalTime="75.41"><memory>8.19921875</memory></testcase><testcase classname="SystemTests.VesuvioCommandsTest" name="CalculateCumulativeAngleAveragedData" time="75.38" totalTime="75.38"><memory>11.15234375</memory></testcase><testcase classname="SystemTests.VesuvioCommandsTest" name="FitSingleSpectrumBivariateGaussianTiesTest" time="373.04" totalTime="373.04"><memory>8.234375</memory></testcase><testcase classname="SystemTests.VesuvioCommandsTest" name="FitSingleSpectrumNoBackgroundTest" time="9.43" totalTime="9.43"><memory>5.55859375</memory></testcase><testcase classname="SystemTests.VesuvioCommandsTest" name="PassPreLoadedWorkspaceToFitTOF" time="19.39" totalTime="19.39"><memory>7.57421875</memory></testcase><testcase classname="SystemTests.VesuvioCommandsTest" name="SingleSpectrumBackground" time="9.79" totalTime="9.79"><memory>7.2734375</memory></testcase><testcase classname="SystemTests.VesuvioCommandsTest" name="SpectraBySpectraForwardSpectraNoBackground" time="19.37" totalTime="19.37"><memory>5.41015625</memory></testcase><testcase classname="SystemTests.SANSILLReductionTest" name="ILL_D11_Test" time="2.42" totalTime="2.42"><memory>6.03515625</memory></testcase><testcase classname="SystemTests.SANSILLReductionTest" name="ILL_D22_Multiple_Sensitivity_Test" time="2.63" totalTime="2.63"><memory>11.0859375</memory></testcase><testcase classname="SystemTests.SANSILLReductionTest" name="ILL_D22_Test" time="2.37" totalTime="2.37"><memory>8.98046875</memory></testcase><testcase classname="SystemTests.SANSILLReductionTest" name="ILL_D33_LTOF_Test" time="16.79" totalTime="16.79"><memory>6.046875</memory></testcase><testcase classname="SystemTests.SANSILLReductionTest" name="ILL_D33_Test" time="12.32" totalTime="12.32"><memory>6.56640625</memory></testcase><testcase classname="SystemTests.SANSILLReductionTest" name="ILL_D33_VTOF_Test" time="8.07" totalTime="8.07"><memory>9.10546875</memory></testcase><testcase classname="SystemTests.POLDICreatePeaksFromCellTest" name="POLDICreatePeaksFromCellTestAl2O3" time="0.07" totalTime="0.07"><memory>0.140625</memory></testcase><testcase classname="SystemTests.POLDICreatePeaksFromCellTest" name="POLDICreatePeaksFromCellTestBetaQuartz" time="0.01" totalTime="0.01"><memory>0.125</memory></testcase><testcase classname="SystemTests.POLDICreatePeaksFromCellTest" name="POLDICreatePeaksFromCellTestCO" time="0.02" totalTime="0.02"><memory>0.0625</memory></testcase><testcase classname="SystemTests.POLDICreatePeaksFromCellTest" name="POLDICreatePeaksFromCellTestFeTiO3" time="0.08" totalTime="0.08"><memory>0.3125</memory></testcase><testcase classname="SystemTests.POLDICreatePeaksFromCellTest" name="POLDICreatePeaksFromCellTestSiO2" time="0.01" totalTime="0.01"><memory>0.3125</memory></testcase><testcase classname="SystemTests.POLDICreatePeaksFromCellTest" name="ReflectionCheckingTest" time="0.0" totalTime="0.0"><memory>0.0</memory></testcase><testcase classname="SystemTests.EQSANSTransAPIv2" name="EQSANSDirectTransFS" time="6.46" totalTime="6.46"><memory>27.73828125</memory></testcase><testcase classname="SystemTests.EQSANSTransAPIv2" name="EQSANSTransmission" time="3.67" totalTime="3.67"><memory>27.828125</memory></testcase><testcase classname="SystemTests.EQSANSTransAPIv2" name="EQSANSTransmissionCompatibility" time="6.05" totalTime="6.05"><memory>7.50390625</memory></testcase><testcase classname="SystemTests.EQSANSTransAPIv2" name="EQSANSTransmissionDC" time="4.1" totalTime="4.1"><memory>28.9375</memory></testcase><testcase classname="SystemTests.EQSANSTransAPIv2" name="EQSANSTransmissionEvent" time="5.13" totalTime="5.13"><memory>13.19921875</memory></testcase><testcase classname="SystemTests.EQSANSTransAPIv2" name="EQSANSTransmissionFS" time="4.06" totalTime="4.06"><memory>23.3515625</memory></testcase><testcase classname="SystemTests.HFIRBackgroundAPIv2" name="HFIRBackground" time="0.43" totalTime="0.43"><memory>7.31640625</memory></testcase><testcase classname="SystemTests.HFIRBackgroundAPIv2" name="HFIRBackgroundBeamSpreaderTrans" time="0.91" totalTime="0.91"><memory>5.421875</memory></testcase><testcase classname="SystemTests.HFIRBackgroundAPIv2" name="HFIRBackgroundDirectBeamTrans" time="0.79" totalTime="0.79"><memory>4.421875</memory></testcase><testcase classname="SystemTests.HFIRBackgroundAPIv2" name="HFIRBackgroundDirectBeamTransDC" time="0.99" totalTime="0.99"><memory>4.359375</memory></testcase><testcase classname="SystemTests.HFIRBackgroundAPIv2" name="HFIRBackgroundTransDarkCurrent" time="0.98" totalTime="0.98"><memory>5.78515625</memory></testcase><testcase classname="SystemTests.HFIRBackgroundAPIv2" name="HFIRBackgroundTransmission" time="0.53" totalTime="0.53"><memory>4.5078125</memory></testcase><testcase classname="SystemTests.POLDIDataAnalysisTest" name="POLDIDataAnalysisEmptyFile" time="0.08" totalTime="0.08"><memory>5.9296875</memory></testcase><testcase classname="SystemTests.POLDIDataAnalysisTest" name="POLDIDataAnalysisTestSi" time="0.0" totalTime="0.0"><memory>0.0</memory></testcase><testcase classname="SystemTests.POLDIDataAnalysisTest" name="POLDIDataAnalysisTestSiIndividual" time="10.49" totalTime="10.49"><memory>9.87109375</memory></testcase><testcase classname="SystemTests.POLDIDataAnalysisTest" name="POLDIDataAnalysisTestSiIndividualDiscardUnindexed" time="20.07" totalTime="20.07"><memory>5.1171875</memory></testcase><testcase classname="SystemTests.POLDIDataAnalysisTest" name="POLDIDataAnalysisTestSiIndividualPseudoVoigtTied" time="12.13" totalTime="12.13"><memory>4.23828125</memory></testcase><testcase classname="SystemTests.POLDIDataAnalysisTest" name="POLDIDataAnalysisTestSiPawley" time="23.83" totalTime="23.83"><memory>3.8359375</memory></testcase><testcase classname="SystemTests.LiquidsReflectometryReductionTest" name="LRReflectivityOutputResolutionTest" time="0.56" totalTime="0.56"><memory>8.2734375</memory></testcase><testcase classname="SystemTests.LiquidsReflectometryReductionTest" name="LRReflectivityOutputTest" time="1.14" totalTime="1.14"><memory>9.4375</memory></testcase><testcase classname="SystemTests.LiquidsReflectometryReductionTest" name="LRautoreductionTest" time="0.76" totalTime="0.76"><memory>7.9453125</memory></testcase><testcase classname="SystemTests.LiquidsReflectometryReductionTest" name="LiquidsReflectometryReductionSimpleErrorTest" time="1.17" totalTime="1.17"><memory>12.23046875</memory></testcase><testcase classname="SystemTests.LiquidsReflectometryReductionTest" name="LiquidsReflectometryReductionTest" time="1.13" totalTime="1.13"><memory>9.69140625</memory></testcase><testcase classname="SystemTests.EQSANSIQOutputAPIv2" name="EQSANSBeamMonitor" time="1.38" totalTime="1.38"><memory>7.69921875</memory></testcase><testcase classname="SystemTests.EQSANSIQOutputAPIv2" name="EQSANSDQOutput" time="2.96" totalTime="2.96"><memory>18.2578125</memory></testcase><testcase classname="SystemTests.EQSANSIQOutputAPIv2" name="EQSANSDQOutput_FS" time="4.09" totalTime="4.09"><memory>19.6953125</memory></testcase><testcase classname="SystemTests.EQSANSIQOutputAPIv2" name="EQSANSDQPositiveOutput" time="2.97" totalTime="2.97"><memory>22.67578125</memory></testcase><testcase classname="SystemTests.EQSANSIQOutputAPIv2" name="EQSANSIQOutput" time="1.4" totalTime="1.4"><memory>10.26171875</memory></testcase><testcase classname="SystemTests.ILLDirectGeometryReductionTest" name="IN4" time="49.71" totalTime="49.71"><memory>13.14453125</memory></testcase><testcase classname="SystemTests.ILLDirectGeometryReductionTest" name="IN5" time="76.11" totalTime="76.11"><memory>15.21875</memory></testcase><testcase classname="SystemTests.ILLDirectGeometryReductionTest" name="IN5_Mask_Non_Overlapping_Bins" time="12.97" totalTime="12.97"><memory>12.3984375</memory></testcase><testcase classname="SystemTests.ILLDirectGeometryReductionTest" name="IN5_Tube_Background" time="10.13" totalTime="10.13"><memory>6.3515625</memory></testcase><testcase classname="SystemTests.ILLDirectGeometryReductionTest" name="IN6" time="1.03" totalTime="1.03"><memory>12.62109375</memory></testcase><testcase classname="SystemTests.ISISDirectReductionComponents" name="ISISLoadFilesLET" time="9.56" totalTime="9.56"><memory>217.9765625</memory></testcase><testcase classname="SystemTests.ISISDirectReductionComponents" name="ISISLoadFilesMER" time="16.19" totalTime="16.19"><memory>99.83984375</memory></testcase><testcase classname="SystemTests.ISISDirectReductionComponents" name="ISISLoadFilesRAW" time="2.45" totalTime="2.45"><memory>108.2890625</memory></testcase><testcase classname="SystemTests.ISISDirectReductionComponents" name="ISIS_ReductionWebLike" time="0.51" totalTime="0.51"><memory>9.86328125</memory></testcase><testcase classname="SystemTests.ISISDirectReductionComponents" name="ISIS_ReductionWrapperValidate" time="0.59" totalTime="0.59"><memory>10.12109375</memory></testcase><testcase classname="SystemTests.ISIS_WISHSingleCrystalReduction" name="WISHIntegrateSatellitePeaksTest" time="5.14" totalTime="5.14"><memory>3.44140625</memory></testcase><testcase classname="SystemTests.ISIS_WISHSingleCrystalReduction" name="WISHNormaliseDataAndCreateMDWorkspaceTest" time="20.26" totalTime="20.26"><memory>6.16796875</memory></testcase><testcase classname="SystemTests.ISIS_WISHSingleCrystalReduction" name="WISHPeakIntegrationRespectsMaskingTest" time="5.29" totalTime="5.29"><memory>4.1171875</memory></testcase><testcase classname="SystemTests.ISIS_WISHSingleCrystalReduction" name="WISHProcessVanadiumForNormalisationTest" time="352.09" totalTime="352.09"><memory>1.9609375</memory></testcase><testcase classname="SystemTests.ISIS_WISHSingleCrystalReduction" name="WISHSingleCrystalPeakPredictionTest" time="7.56" totalTime="7.56"><memory>9.2734375</memory></testcase><testcase classname="SystemTests.ISISMuonAnalysis" name="ARGUSAnalysisFromFile" time="0.05" totalTime="0.05"><memory>10.6171875</memory></testcase><testcase classname="SystemTests.ISISMuonAnalysis" name="EMUAnalysisFromFile" time="0.07" totalTime="0.07"><memory>12.03125</memory></testcase><testcase classname="SystemTests.ISISMuonAnalysis" name="HiFiAnalysisFromFile" time="0.08" totalTime="0.08"><memory>12.3359375</memory></testcase><testcase classname="SystemTests.ISISMuonAnalysis" name="MuSRAnalysisFromFile" time="0.05" totalTime="0.05"><memory>10.6953125</memory></testcase><testcase classname="SystemTests.ISISMuonAnalysisGrouping" name="ARGUSAnalysisFromFile" time="0.04" totalTime="0.04"><memory>10.43359375</memory></testcase><testcase classname="SystemTests.ISISMuonAnalysisGrouping" name="EMUAnalysisFromFile" time="0.08" totalTime="0.08"><memory>9.88671875</memory></testcase><testcase classname="SystemTests.ISISMuonAnalysisGrouping" name="HiFiAnalysisFromFile" time="0.07" totalTime="0.07"><memory>12.15625</memory></testcase><testcase classname="SystemTests.ISISMuonAnalysisGrouping" name="MuSRAnalysisFromFile" time="0.05" totalTime="0.05"><memory>10.65625</memory></testcase><testcase classname="SystemTests.ISIS_PowderGemTest" name="CreateCalTest" time="26.73" totalTime="26.73"><memory>19.9453125</memory></testcase><testcase classname="SystemTests.ISIS_PowderGemTest" name="CreateVanadiumTest" time="15.14" totalTime="15.14"><memory>11.1328125</memory></testcase><testcase classname="SystemTests.ISIS_PowderGemTest" name="FocusTestNoAbsCorr" time="3.12" totalTime="3.12"><memory>11.3828125</memory></testcase><testcase classname="SystemTests.ISIS_PowderGemTest" name="FocusTestWithAbsCorr" time="11.02" totalTime="11.02"><memory>11.8359375</memory></testcase><testcase classname="SystemTests.EQSANSNormalisationAPIv2" name="EQSANSNormalisationBeamFlux" time="2.15" totalTime="2.15"><memory>22.5390625</memory></testcase><testcase classname="SystemTests.EQSANSNormalisationAPIv2" name="EQSANSNormalisationDefault" time="0.75" totalTime="0.75"><memory>12.109375</memory></testcase><testcase classname="SystemTests.EQSANSNormalisationAPIv2" name="EQSANSNormalisationInputFlux" time="0.62" totalTime="0.62"><memory>5.91796875</memory></testcase><testcase classname="SystemTests.EQSANSNormalisationAPIv2" name="EQSANSNormalisationNoFlux" time="0.5" totalTime="0.5"><memory>11.73828125</memory></testcase><testcase classname="SystemTests.ValidateInstrumentDir" name="ValidateFacilitiesFile"><skipped message="
ConfigService-[Information] Unable to locate directory at: /etc/mantid/instrument
ConfigService-[Information] This is Mantid version 6.3.20220422.945 revision g8656f37
ConfigService-[Information] running on ndw1851 starting 2022-04-23T02:05Z
ConfigService-[Information] Properties file(s) loaded: /opt/mantidnightly/bin/Mantid.properties, /home/abc/.mantid/Mantid.user.properties
ConfigService-[Information] Unable to locate directory at: /etc/mantid/instrument
FrameworkManager-[Notice] Welcome to Mantid 6.3.20220422.945
FrameworkManager-[Notice] Please cite: http://dx.doi.org/10.1016/j.nima.2014.07.029 and this release: http://dx.doi.org/10.5286/Software/Mantid
FrameworkManager-[Information] Instrument updates disabled - cannot update instrument definitions.
FrameworkManager-[Information] Version check disabled.
">
ConfigService-[Information] Unable to locate directory at: /etc/mantid/instrument
ConfigService-[Information] This is Mantid version 6.3.20220422.945 revision g8656f37
ConfigService-[Information] running on ndw1851 starting 2022-04-23T02:05Z
ConfigService-[Information] Properties file(s) loaded: /opt/mantidnightly/bin/Mantid.properties, /home/abc/.mantid/Mantid.user.properties
ConfigService-[Information] Unable to locate directory at: /etc/mantid/instrument
FrameworkManager-[Notice] Welcome to Mantid 6.3.20220422.945
FrameworkManager-[Notice] Please cite: http://dx.doi.org/10.1016/j.nima.2014.07.029 and this release: http://dx.doi.org/10.5286/Software/Mantid
FrameworkManager-[Information] Instrument updates disabled - cannot update instrument definitions.
FrameworkManager-[Information] Version check disabled.
</skipped></testcase><testcase classname="SystemTests.ValidateInstrumentDir" name="ValidateGroupingFiles"><skipped message="
ConfigService-[Information] Unable to locate directory at: /etc/mantid/instrument
ConfigService-[Information] This is Mantid version 6.3.20220422.945 revision g8656f37
ConfigService-[Information] running on ndw1851 starting 2022-04-23T02:05Z
ConfigService-[Information] Properties file(s) loaded: /opt/mantidnightly/bin/Mantid.properties, /home/abc/.mantid/Mantid.user.properties
ConfigService-[Information] Unable to locate directory at: /etc/mantid/instrument
FrameworkManager-[Notice] Welcome to Mantid 6.3.20220422.945
FrameworkManager-[Notice] Please cite: http://dx.doi.org/10.1016/j.nima.2014.07.029 and this release: http://dx.doi.org/10.5286/Software/Mantid
FrameworkManager-[Information] Instrument updates disabled - cannot update instrument definitions.
FrameworkManager-[Information] Version check disabled.
">
ConfigService-[Information] Unable to locate directory at: /etc/mantid/instrument
ConfigService-[Information] This is Mantid version 6.3.20220422.945 revision g8656f37
ConfigService-[Information] running on ndw1851 starting 2022-04-23T02:05Z
ConfigService-[Information] Properties file(s) loaded: /opt/mantidnightly/bin/Mantid.properties, /home/abc/.mantid/Mantid.user.properties
ConfigService-[Information] Unable to locate directory at: /etc/mantid/instrument
FrameworkManager-[Notice] Welcome to Mantid 6.3.20220422.945
FrameworkManager-[Notice] Please cite: http://dx.doi.org/10.1016/j.nima.2014.07.029 and this release: http://dx.doi.org/10.5286/Software/Mantid
FrameworkManager-[Information] Instrument updates disabled - cannot update instrument definitions.
FrameworkManager-[Information] Version check disabled.
</skipped></testcase><testcase classname="SystemTests.ValidateInstrumentDir" name="ValidateInstrumentDefinitionFiles"><skipped message="
ConfigService-[Information] Unable to locate directory at: /etc/mantid/instrument
ConfigService-[Information] This is Mantid version 6.3.20220422.945 revision g8656f37
ConfigService-[Information] running on ndw1851 starting 2022-04-23T02:05Z
ConfigService-[Information] Properties file(s) loaded: /opt/mantidnightly/bin/Mantid.properties, /home/abc/.mantid/Mantid.user.properties
ConfigService-[Information] Unable to locate directory at: /etc/mantid/instrument
FrameworkManager-[Notice] Welcome to Mantid 6.3.20220422.945
FrameworkManager-[Notice] Please cite: http://dx.doi.org/10.1016/j.nima.2014.07.029 and this release: http://dx.doi.org/10.5286/Software/Mantid
FrameworkManager-[Information] Instrument updates disabled - cannot update instrument definitions.
FrameworkManager-[Information] Version check disabled.
">
ConfigService-[Information] Unable to locate directory at: /etc/mantid/instrument
ConfigService-[Information] This is Mantid version 6.3.20220422.945 revision g8656f37
ConfigService-[Information] running on ndw1851 starting 2022-04-23T02:05Z
ConfigService-[Information] Properties file(s) loaded: /opt/mantidnightly/bin/Mantid.properties, /home/abc/.mantid/Mantid.user.properties
ConfigService-[Information] Unable to locate directory at: /etc/mantid/instrument
FrameworkManager-[Notice] Welcome to Mantid 6.3.20220422.945
FrameworkManager-[Notice] Please cite: http://dx.doi.org/10.1016/j.nima.2014.07.029 and this release: http://dx.doi.org/10.5286/Software/Mantid
FrameworkManager-[Information] Instrument updates disabled - cannot update instrument definitions.
FrameworkManager-[Information] Version check disabled.
</skipped></testcase><testcase classname="SystemTests.ValidateInstrumentDir" name="ValidateParameterFiles"><skipped message="
ConfigService-[Information] Unable to locate directory at: /etc/mantid/instrument
ConfigService-[Information] This is Mantid version 6.3.20220422.945 revision g8656f37
ConfigService-[Information] running on ndw1851 starting 2022-04-23T02:05Z
ConfigService-[Information] Properties file(s) loaded: /opt/mantidnightly/bin/Mantid.properties, /home/abc/.mantid/Mantid.user.properties
ConfigService-[Information] Unable to locate directory at: /etc/mantid/instrument
FrameworkManager-[Notice] Welcome to Mantid 6.3.20220422.945
FrameworkManager-[Notice] Please cite: http://dx.doi.org/10.1016/j.nima.2014.07.029 and this release: http://dx.doi.org/10.5286/Software/Mantid
FrameworkManager-[Information] Instrument updates disabled - cannot update instrument definitions.
FrameworkManager-[Information] Version check disabled.
">
ConfigService-[Information] Unable to locate directory at: /etc/mantid/instrument
ConfigService-[Information] This is Mantid version 6.3.20220422.945 revision g8656f37
ConfigService-[Information] running on ndw1851 starting 2022-04-23T02:05Z
ConfigService-[Information] Properties file(s) loaded: /opt/mantidnightly/bin/Mantid.properties, /home/abc/.mantid/Mantid.user.properties
ConfigService-[Information] Unable to locate directory at: /etc/mantid/instrument
FrameworkManager-[Notice] Welcome to Mantid 6.3.20220422.945
FrameworkManager-[Notice] Please cite: http://dx.doi.org/10.1016/j.nima.2014.07.029 and this release: http://dx.doi.org/10.5286/Software/Mantid
FrameworkManager-[Information] Instrument updates disabled - cannot update instrument definitions.
FrameworkManager-[Information] Version check disabled.
</skipped></testcase><testcase classname="SystemTests.EnginXScriptTest" name="FocusBothBanks" time="2.85" totalTime="2.85"><memory>15.859375</memory></testcase><testcase classname="SystemTests.EnginXScriptTest" name="FocusCroppedSpectraSameDiffConstsAsBank" time="2.83" totalTime="2.83"><memory>12.34375</memory></testcase><testcase classname="SystemTests.EnginXScriptTest" name="FocusTexture" time="5.56" totalTime="5.56"><memory>13.4609375</memory></testcase><testcase classname="SystemTests.EnginXScriptTest" name="FocusTexture30" time="7.19" totalTime="7.19"><memory>13.31640625</memory></testcase><testcase classname="SystemTests.SANSZOOMTomlFileConversion" name="ZOOMLegacyUserFileTest_m4" time="11.33" totalTime="11.33"><memory>34.4375</memory></testcase><testcase classname="SystemTests.SANSZOOMTomlFileConversion" name="ZOOMLegacyUserFileTest_m8" time="9.95" totalTime="9.95"><memory>32.76171875</memory></testcase><testcase classname="SystemTests.SANSZOOMTomlFileConversion" name="ZOOMV1UserFileTest_m4" time="11.12" totalTime="11.12"><memory>35.5</memory></testcase><testcase classname="SystemTests.SANSZOOMTomlFileConversion" name="ZOOMV1UserFileTest_m8" time="9.67" totalTime="9.67"><memory>34.8046875</memory></testcase><testcase classname="SystemTests.SANSLOQLegacyUserFile" name="SANSLOQLegacyUserFile_M3" time="5.99" totalTime="5.99"><memory>11.7265625</memory></testcase><testcase classname="SystemTests.SANSLOQLegacyUserFile" name="SANSLOQLegacyUserFile_M4" time="2.68" totalTime="2.68"><memory>8.15234375</memory></testcase><testcase classname="SystemTests.SANSLOQLegacyUserFile" name="SANSLOQTomlUserFile_M3" time="5.97" totalTime="5.97"><memory>8.609375</memory></testcase><testcase classname="SystemTests.SANSLOQLegacyUserFile" name="SANSLOQTomlUserFile_M4" time="2.63" totalTime="2.63"><memory>5.25</memory></testcase><testcase classname="SystemTests.ISIS_WISHPowderReductionTest" name="WISHPowderReductionCreateVanadiumTest" time="95.05" totalTime="95.05"><memory>13.5625</memory></testcase><testcase classname="SystemTests.ISIS_WISHPowderReductionTest" name="WISHPowderReductionNoAbsorptionTest" time="46.59" totalTime="46.59"><memory>8.546875</memory></testcase><testcase classname="SystemTests.ISIS_WISHPowderReductionTest" name="WISHPowderReductionTest" time="84.88" totalTime="84.88"><memory>7.671875</memory></testcase><testcase classname="SystemTests.SNAPRedux" name="SNAPReduxShort"><skipped message="MissingRequiredFile">
ConfigService-[Information] Unable to locate directory at: /etc/mantid/instrument
ConfigService-[Information] This is Mantid version 6.3.20220422.945 revision g8656f37
ConfigService-[Information] running on ndw1851 starting 2022-04-23T02:11Z
ConfigService-[Information] Properties file(s) loaded: /opt/mantidnightly/bin/Mantid.properties, /home/abc/.mantid/Mantid.user.properties
ConfigService-[Information] Unable to locate directory at: /etc/mantid/instrument
FrameworkManager-[Notice] Welcome to Mantid 6.3.20220422.945
FrameworkManager-[Notice] Please cite: http://dx.doi.org/10.1016/j.nima.2014.07.029 and this release: http://dx.doi.org/10.5286/Software/Mantid
FrameworkManager-[Information] Instrument updates disabled - cannot update instrument definitions.
FrameworkManager-[Information] Version check disabled.
FileFinder-[Information] Unable to find run with hint SNAP_34172_event.nxs
FileFinder-[Information] Unable to find file path for SNAP_34172_event.nxs
Missing required file: 'SNAP_34172_event.nxs'
</skipped></testcase><testcase classname="SystemTests.SNAPRedux" name="SNAPReduxShortDetcal"><skipped message="MissingRequiredFile">
ConfigService-[Information] Unable to locate directory at: /etc/mantid/instrument
ConfigService-[Information] This is Mantid version 6.3.20220422.945 revision g8656f37
ConfigService-[Information] running on ndw1851 starting 2022-04-23T02:11Z
ConfigService-[Information] Properties file(s) loaded: /opt/mantidnightly/bin/Mantid.properties, /home/abc/.mantid/Mantid.user.properties
ConfigService-[Information] Unable to locate directory at: /etc/mantid/instrument
FrameworkManager-[Notice] Welcome to Mantid 6.3.20220422.945
FrameworkManager-[Notice] Please cite: http://dx.doi.org/10.1016/j.nima.2014.07.029 and this release: http://dx.doi.org/10.5286/Software/Mantid
FrameworkManager-[Information] Instrument updates disabled - cannot update instrument definitions.
FrameworkManager-[Information] Version check disabled.
FileFinder-[Information] Unable to find run with hint SNAP_34172_event.nxs
FileFinder-[Information] Unable to find file path for SNAP_34172_event.nxs
Missing required file: 'SNAP_34172_event.nxs'
</skipped></testcase><testcase classname="SystemTests.SNAPRedux" name="SNAPReduxSimple" time="92.89" totalTime="92.89"><memory>7.51171875</memory></testcase><testcase classname="SystemTests.UnweightedLeastSquaresTest" name="LeastSquaresNISTGauss3Test" time="0.01" totalTime="0.01"><memory>1.05078125</memory></testcase><testcase classname="SystemTests.UnweightedLeastSquaresTest" name="LeastSquaresNISTMGH09Test" time="0.0" totalTime="0.0"><memory>1.11328125</memory></testcase><testcase classname="SystemTests.UnweightedLeastSquaresTest" name="LeastSquaresNISTRat43Test" time="0.0" totalTime="0.0"><memory>1.05078125</memory></testcase><testcase classname="SystemTests.POLDIFitPeaks2DTest" name="POLDIFitPeaks2DIntegratedIntensities" time="6.25" totalTime="6.25"><memory>5.91796875</memory></testcase><testcase classname="SystemTests.POLDIFitPeaks2DTest" name="POLDIFitPeaks2DPawleyTest" time="13.06" totalTime="13.06"><memory>7.32421875</memory></testcase><testcase classname="SystemTests.POLDIFitPeaks2DTest" name="POLDIFitPeaks2DTest" time="1.24" totalTime="1.24"><memory>6.57421875</memory></testcase><testcase classname="SystemTests.ISISIndirectLoadAsciiTest" name="IN10SiliconTest" time="0.11" totalTime="0.11"><memory>18.65625</memory></testcase><testcase classname="SystemTests.ISISIndirectLoadAsciiTest" name="IN13CaFTest" time="0.1" totalTime="0.1"><memory>18.7890625</memory></testcase><testcase classname="SystemTests.ISISIndirectLoadAsciiTest" name="IN16SiliconTest" time="0.2" totalTime="0.2"><memory>23.71484375</memory></testcase><testcase classname="SystemTests.BuildSQWTest" name="BuildSQWTest"><skipped message="
ConfigService-[Information] Unable to locate directory at: /etc/mantid/instrument
ConfigService-[Information] This is Mantid version 6.3.20220422.945 revision g8656f37
ConfigService-[Information] running on ndw1851 starting 2022-04-23T02:13Z
ConfigService-[Information] Properties file(s) loaded: /opt/mantidnightly/bin/Mantid.properties, /home/abc/.mantid/Mantid.user.properties
ConfigService-[Information] Unable to locate directory at: /etc/mantid/instrument
FrameworkManager-[Notice] Welcome to Mantid 6.3.20220422.945
FrameworkManager-[Notice] Please cite: http://dx.doi.org/10.1016/j.nima.2014.07.029 and this release: http://dx.doi.org/10.5286/Software/Mantid
FrameworkManager-[Information] Instrument updates disabled - cannot update instrument definitions.
FrameworkManager-[Information] Version check disabled.
">
ConfigService-[Information] Unable to locate directory at: /etc/mantid/instrument
ConfigService-[Information] This is Mantid version 6.3.20220422.945 revision g8656f37
ConfigService-[Information] running on ndw1851 starting 2022-04-23T02:13Z
ConfigService-[Information] Properties file(s) loaded: /opt/mantidnightly/bin/Mantid.properties, /home/abc/.mantid/Mantid.user.properties
ConfigService-[Information] Unable to locate directory at: /etc/mantid/instrument
FrameworkManager-[Notice] Welcome to Mantid 6.3.20220422.945
FrameworkManager-[Notice] Please cite: http://dx.doi.org/10.1016/j.nima.2014.07.029 and this release: http://dx.doi.org/10.5286/Software/Mantid
FrameworkManager-[Information] Instrument updates disabled - cannot update instrument definitions.
FrameworkManager-[Information] Version check disabled.
</skipped></testcase><testcase classname="SystemTests.BuildSQWTest" name="LoadSQW_FileBasedTest"><skipped message="
ConfigService-[Information] Unable to locate directory at: /etc/mantid/instrument
ConfigService-[Information] This is Mantid version 6.3.20220422.945 revision g8656f37
ConfigService-[Information] running on ndw1851 starting 2022-04-23T02:13Z
ConfigService-[Information] Properties file(s) loaded: /opt/mantidnightly/bin/Mantid.properties, /home/abc/.mantid/Mantid.user.properties
ConfigService-[Information] Unable to locate directory at: /etc/mantid/instrument
FrameworkManager-[Notice] Welcome to Mantid 6.3.20220422.945
FrameworkManager-[Notice] Please cite: http://dx.doi.org/10.1016/j.nima.2014.07.029 and this release: http://dx.doi.org/10.5286/Software/Mantid
FrameworkManager-[Information] Instrument updates disabled - cannot update instrument definitions.
FrameworkManager-[Information] Version check disabled.
">
ConfigService-[Information] Unable to locate directory at: /etc/mantid/instrument
ConfigService-[Information] This is Mantid version 6.3.20220422.945 revision g8656f37
ConfigService-[Information] running on ndw1851 starting 2022-04-23T02:13Z
ConfigService-[Information] Properties file(s) loaded: /opt/mantidnightly/bin/Mantid.properties, /home/abc/.mantid/Mantid.user.properties
ConfigService-[Information] Unable to locate directory at: /etc/mantid/instrument
FrameworkManager-[Notice] Welcome to Mantid 6.3.20220422.945
FrameworkManager-[Notice] Please cite: http://dx.doi.org/10.1016/j.nima.2014.07.029 and this release: http://dx.doi.org/10.5286/Software/Mantid
FrameworkManager-[Information] Instrument updates disabled - cannot update instrument definitions.
FrameworkManager-[Information] Version check disabled.
</skipped></testcase><testcase classname="SystemTests.BuildSQWTest" name="LoadSQW_MemBasedTest"><skipped message="
ConfigService-[Information] Unable to locate directory at: /etc/mantid/instrument
ConfigService-[Information] This is Mantid version 6.3.20220422.945 revision g8656f37
ConfigService-[Information] running on ndw1851 starting 2022-04-23T02:13Z
ConfigService-[Information] Properties file(s) loaded: /opt/mantidnightly/bin/Mantid.properties, /home/abc/.mantid/Mantid.user.properties
ConfigService-[Information] Unable to locate directory at: /etc/mantid/instrument
FrameworkManager-[Notice] Welcome to Mantid 6.3.20220422.945
FrameworkManager-[Notice] Please cite: http://dx.doi.org/10.1016/j.nima.2014.07.029 and this release: http://dx.doi.org/10.5286/Software/Mantid
FrameworkManager-[Information] Instrument updates disabled - cannot update instrument definitions.
FrameworkManager-[Information] Version check disabled.
">
ConfigService-[Information] Unable to locate directory at: /etc/mantid/instrument
ConfigService-[Information] This is Mantid version 6.3.20220422.945 revision g8656f37
ConfigService-[Information] running on ndw1851 starting 2022-04-23T02:13Z
ConfigService-[Information] Properties file(s) loaded: /opt/mantidnightly/bin/Mantid.properties, /home/abc/.mantid/Mantid.user.properties
ConfigService-[Information] Unable to locate directory at: /etc/mantid/instrument
FrameworkManager-[Notice] Welcome to Mantid 6.3.20220422.945
FrameworkManager-[Notice] Please cite: http://dx.doi.org/10.1016/j.nima.2014.07.029 and this release: http://dx.doi.org/10.5286/Software/Mantid
FrameworkManager-[Information] Instrument updates disabled - cannot update instrument definitions.
FrameworkManager-[Information] Version check disabled.
</skipped></testcase><testcase classname="SystemTests.SANS2DReductionGUITest_V2" name="SANS2DMinimalBatchReductionTest_V2" time="4.85" totalTime="4.85"><memory>8.83203125</memory></testcase><testcase classname="SystemTests.SANS2DReductionGUITest_V2" name="SANS2DMinimalSingleReductionTest_V2" time="4.84" totalTime="4.84"><memory>10.4140625</memory></testcase><testcase classname="SystemTests.SANS2DReductionGUITest_V2" name="SANS2DSearchCentreGUI_V2" time="17.05" totalTime="17.05"><memory>12.9765625</memory></testcase><testcase classname="SystemTests.SANS2DReductionGUIAddedTest_V2" name="SANS2DAddedEventFilesWithOverlayAndTimeShiftTest_V2" time="18.38" totalTime="18.38"><memory>30.34765625</memory></testcase><testcase classname="SystemTests.SANS2DReductionGUIAddedTest_V2" name="SANS2DAddedEventFilesWithOverlayTest_V2" time="18.28" totalTime="18.28"><memory>34.8671875</memory></testcase><testcase classname="SystemTests.SANS2DReductionGUIAddedTest_V2" name="SANS2DAddedEventFilesWithoutOverlayTest_V2" time="17.79" totalTime="17.79"><memory>32.45703125</memory></testcase><testcase classname="SystemTests.SANSILLAbsoluteScaleTest" name="D11_AbsoluteScaleFlux_Test" time="1.8" totalTime="1.8"><memory>6.84765625</memory></testcase><testcase classname="SystemTests.SANSILLAbsoluteScaleTest" name="D11_AbsoluteScale_Test" time="1.85" totalTime="1.85"><memory>10.0625</memory></testcase><testcase classname="SystemTests.PelicanReductionTest" name="PelicanReductionNXSPETest" time="1.08" totalTime="1.08"><memory>7.484375</memory></testcase><testcase classname="SystemTests.PelicanReductionTest" name="PelicanReductionSOFQWTest" time="1.17" totalTime="1.17"><memory>11.19140625</memory></testcase><testcase classname="SystemTests.ConvertMultipleRunsToSingleCrystalMDTest" name="ConvertMultipleRunsToSingleCrystalMDHKLTest" time="5.59" totalTime="5.59"><memory>11.16015625</memory></testcase><testcase classname="SystemTests.ConvertMultipleRunsToSingleCrystalMDTest" name="ConvertMultipleRunsToSingleCrystalMDQSampleTest" time="5.23" totalTime="5.23"><memory>6.2734375</memory></testcase><testcase classname="SystemTests.MDWorkspaceTests" name="MergeMDTest" time="1.86" totalTime="1.86"><memory>7.8515625</memory></testcase><testcase classname="SystemTests.MDWorkspaceTests" name="PlusMDTest" time="3.3" totalTime="3.3"><memory>82.046875</memory></testcase><testcase classname="SystemTests.LoadElementalAnalysisTest" name="LoadElementalAnalysisTest" time="1.06" totalTime="1.06"><memory>7.71484375</memory></testcase><testcase classname="SystemTests.LoadElementalAnalysisTest" name="LoadPartialElementalAnalysisTest" time="0.18" totalTime="0.18"><memory>4.015625</memory></testcase><testcase classname="SystemTests.ISISIndirectAnalysisTest" name="ElasticWindowMultipleIRISTest" time="0.11" totalTime="0.11"><memory>9.95703125</memory></testcase><testcase classname="SystemTests.ISISIndirectAnalysisTest" name="ElasticWindowMultipleOSIRISTest" time="17.59" totalTime="17.59"><memory>19.640625</memory></testcase><testcase classname="SystemTests.EQSANSBeamCenterAPIv2" name="EQSANSBeamCenter" time="4.61" totalTime="4.61"><memory>29.890625</memory></testcase><testcase classname="SystemTests.EQSANSBeamCenterAPIv2" name="EQSANSBeamCenterEvent" time="7.61" totalTime="7.61"><memory>29.31640625</memory></testcase><testcase classname="SystemTests.ISISIndirectSimulationTest" name="MolDynCdlTest" time="0.76" totalTime="0.76"><memory>9.33984375</memory></testcase><testcase classname="SystemTests.ISISIndirectSimulationTest" name="MolDynDatTest" time="0.13" totalTime="0.13"><memory>20.87109375</memory></testcase><testcase classname="SystemTests.DirectILLAutoProcessTest" name="DirectILLAuto_PANTHER_Powder_Test" time="52.17" totalTime="52.17"><memory>1351.74609375</memory></testcase><testcase classname="SystemTests.DirectILLAutoProcessTest" name="DirectILLAuto_PANTHER_SingleCrystal_Test" time="22.46" totalTime="22.46"><memory>13.54296875</memory></testcase><testcase classname="SystemTests.ILLIndirectEnergyTransferBATS" name="ILLIndirectEnergyTransferBATSTest" time="1.18" totalTime="1.18"><memory>11.65234375</memory></testcase><testcase classname="SystemTests.ILLIndirectEnergyTransferBATS" name="ILLIndirectEnergyTransferEquatorialTest" time="0.81" totalTime="0.81"><memory>8.640625</memory></testcase><testcase classname="SystemTests.ILLPowderEfficiencyTest" name="ILLPowderEfficiencyCycle203Test" time="83.19" totalTime="83.19"><memory>47.8984375</memory></testcase><testcase classname="SystemTests.ILLPowderEfficiencyTest" name="ILLPowderEfficiencyTest" time="78.85" totalTime="78.85"><memory>54.0859375</memory></testcase><testcase classname="SystemTests.SANS2D_GDW20_4m_cycle_22_02" name="SANS2D_GDW20_4m_22_02_2D_M3" time="18.18" totalTime="18.18"><memory>33.015625</memory></testcase><testcase classname="SystemTests.SANS2D_GDW20_4m_cycle_22_02" name="SANS2D_GDW20_4m_22_02_2D_M4" time="17.51" totalTime="17.51"><memory>12.79296875</memory></testcase><testcase classname="SystemTests.SANS2D_glassy_carbon_cycle_22_02" name="SANS2D_glassy_carbon_22_02_1D_M3" time="10.56" totalTime="10.56"><memory>10.17578125</memory></testcase><testcase classname="SystemTests.SANS2D_glassy_carbon_cycle_22_02" name="SANS2D_glassy_carbon_22_02_2D_M3" time="10.95" totalTime="10.95"><memory>12.1484375</memory></testcase><testcase classname="SystemTests.SANS2DFrontNoGrav_V2" name="SANS2DFrontNoGravTest_V2" time="1.13" totalTime="1.13"><memory>6.37109375</memory></testcase><testcase classname="SystemTests.SANS2DFrontNoGrav_V2" name="SANS2DWithExtraLengthGravityTest_V2" time="1.14" totalTime="1.14"><memory>7.3515625</memory></testcase><testcase classname="SystemTests.SANS2DFrontNoGrav" name="SANS2DFrontNoGrav" time="1.16" totalTime="1.16"><memory>6.3828125</memory></testcase><testcase classname="SystemTests.SANS2DFrontNoGrav" name="SANS2DWithExtraLengthGravity" time="1.17" totalTime="1.17"><memory>6.5859375</memory></testcase><testcase classname="SystemTests.SANS2D_GDW20_12m_cycle_22_02" name="SANS2D_GDW20_12m_22_02_1D" time="18.63" totalTime="18.63"><memory>12.44140625</memory></testcase><testcase classname="SystemTests.SANS2D_GDW20_12m_cycle_22_02" name="SANS2D_GDW20_12m_22_02_2D" time="17.03" totalTime="17.03"><memory>27.984375</memory></testcase><testcase classname="SystemTests.IntegrateEllipsoidsTest" name="IntegrateEllipsoidsTest" time="3.54" totalTime="3.54"><memory>10.43359375</memory></testcase><testcase classname="SystemTests.MDNormBackgroundHYSPECTest" name="MDNormBackgroundHYSPECTest" time="10.75" totalTime="10.75"><memory>36.51953125</memory></testcase><testcase classname="SystemTests.PowderReduceP2DTest" name="PowderReduceP2DTest" time="15.88" totalTime="15.88"><memory>11.4765625</memory></testcase><testcase classname="SystemTests.DrillProcessTest" name="DrillProcessSANSTest" time="18.14" totalTime="18.14"><memory>31.98828125</memory></testcase><testcase classname="SystemTests.EQSANSTOFStructureTest" name="EQSANSTOFSTructureTest" time="0.51" totalTime="0.51"><memory>7.9765625</memory></testcase><testcase classname="SystemTests.MuonFFTTest" name="MuonFFTTest" time="0.07" totalTime="0.07"><memory>10.57421875</memory></testcase><testcase classname="SystemTests.PolrefExample" name="PolrefExample" time="0.23" totalTime="0.23"><memory>12.47265625</memory></testcase><testcase classname="SystemTests.ILLPowderParameterScanTest" name="ILLPowderParameterScanTest" time="0.13" totalTime="0.13"><memory>9.5546875</memory></testcase><testcase classname="SystemTests.ILLIndirectReductionFWS" name="ILLIndirectReductionFWSTest" time="6.13" totalTime="6.13"><memory>7.609375</memory></testcase><testcase classname="SystemTests.LoadLotsOfFiles" name="LoadLotsOfFiles" time="318.11" totalTime="318.11"><memory>38.7578125</memory></testcase><testcase classname="SystemTests.ConvToMDCompareDefaultVsIndexing" name="ConvToMDCompareDefaultVsIndexing" time="4.84" totalTime="4.84"><memory>14.71484375</memory></testcase><testcase classname="SystemTests.QENSGlobalFitTeixeiraWaterSQE" name="GlobalFitTest" time="2.73" totalTime="2.73"><memory>7.80078125</memory></testcase><testcase classname="SystemTests.ReflectometryQuickPointDetectorMakeTransmission" name="ReflectometryQuickPointDetectorMakeTransmission" time="0.18" totalTime="0.18"><memory>10.3125</memory></testcase><testcase classname="SystemTests.FilteredLoadvsLoadThenFilter" name="FilteredLoadvsLoadThenFilter" time="0.91" totalTime="0.91"><memory>10.8671875</memory></testcase><testcase classname="SystemTests.MDNormHYSPECTest" name="MDNormHYSPECTest" time="107.95" totalTime="107.95"><memory>79.75</memory></testcase><testcase classname="SystemTests.RelectometryInstrumentSignedThetaTest" name="ReflectometryInstrumentSignedThetaTest" time="0.06" totalTime="0.06"><memory>8.7578125</memory></testcase><testcase classname="SystemTests.POLDIPeakSearchTest" name="POLDIPeakSearchTest" time="1.1" totalTime="1.1"><memory>3.5234375</memory></testcase><testcase classname="SystemTests.ExecuteGeneratedPythonFitScriptTest" name="ExecuteGeneratedPythonFitScriptTest" time="0.62" totalTime="0.62"><memory>27.2578125</memory></testcase><testcase classname="SystemTests.POLDITruncateDataTest" name="POLDITruncateDataTest" time="0.09" totalTime="0.09"><memory>5.69921875</memory></testcase><testcase classname="SystemTests.LoadEmbeddedInstrumentInfo" name="ISISRawHistNexus" time="2.31" totalTime="2.31"><memory>1.48046875</memory></testcase><testcase classname="SystemTests.CNCSReductionTest" name="CNCSReductionTest" time="9.49" totalTime="9.49"><memory>32.6640625</memory></testcase><testcase classname="SystemTests.SpaceGroupFactoryTest" name="SpaceGroupFactoryTest" time="5.05" totalTime="5.05"><memory>8.8828125</memory></testcase><testcase classname="SystemTests.LRScalingFactorsTest" name="LRPrimaryFractionTest" time="2.78" totalTime="2.78"><memory>30.2265625</memory></testcase><testcase classname="SystemTests.GetQsInQENSDataSystemTest" name="GetQsInQENSDataSystemTest" time="1.34" totalTime="1.34"><memory>3.484375</memory></testcase><testcase classname="SystemTests.LinkedUBs_Test" name="LinkedUBs_Test" time="3.08" totalTime="3.08"><memory>7.3046875</memory></testcase><testcase classname="SystemTests.CompressEvents" name="CompressEventsTesting" time="22.99" totalTime="22.99"><memory>8.28125</memory></testcase><testcase classname="SystemTests.ConvertToMDworkflow" name="ConvertToMDworkflow" time="0.82" totalTime="0.82"><memory>11.3046875</memory></testcase><testcase classname="SystemTests.ConvertQtoHKLMDHistoTest" name="ConvertQtoHKLMDHistoTest_match_ConvertWANDSCDtoQ_test" time="8.94" totalTime="8.94"><memory>15.27734375</memory></testcase><testcase classname="SystemTests.WeightedLeastSquaresTest" name="WeightedLeastSquaresTest" time="0.0" totalTime="0.0"><memory>6.09765625</memory></testcase><testcase classname="SystemTests.POLDIAutoCorrelationTest" name="POLDIAutoCorrelationTest" time="2.4" totalTime="2.4"><memory>11.41796875</memory></testcase><testcase classname="SystemTests.LoadMuonNexusTest" name="LoadMuonNexusTest" time="0.02" totalTime="0.02"><memory>1.5546875</memory></testcase><testcase classname="SystemTests.L2QScriptTest" name="L2QScriptTest" time="0.1" totalTime="0.1"><memory>8.30859375</memory></testcase><testcase classname="SystemTests.POLDILoadRunsTest" name="POLDILoadRunsTest" time="1.75" totalTime="1.75"><memory>8.8984375</memory></testcase><testcase classname="SystemTests.ILLIndirectReductionQENS" name="ILLIndirectReductionQENSTest" time="6.02" totalTime="6.02"><memory>13.6640625</memory></testcase><testcase classname="SystemTests.SphinxWarnings" name="SphinxWarnings" time="0.19" totalTime="0.19"><memory>10.98046875</memory></testcase><testcase classname="SystemTests.MuonProcessTest" name="MuonProcessTest" time="0.05" totalTime="0.05"><memory>12.7734375</memory></testcase><testcase classname="SystemTests.MuonLoadersSignatureTest" name="MuonLoadersSignatureTest" time="0.0" totalTime="0.0"><memory>0.0</memory></testcase><testcase classname="SystemTests.EQSANSProcessedEffAPIv2" name="EQSANSProcessedEff" time="2.39" totalTime="2.39"><memory>8.73046875</memory></testcase><testcase classname="SystemTests.INTERReductionTest" name="INTERReductionTest" time="1.32" totalTime="1.32"><memory>15.21484375</memory></testcase><testcase classname="SystemTests.DirectInelasticDiagnostic2" name="DirectInelasticDiagnostic2" time="6.07" totalTime="6.07"><memory>2.14453125</memory></testcase><testcase classname="SystemTests.ILLPowderD2BEfficiencyTest" name="ILLPowderD2BEfficiencyTest" time="17.33" totalTime="17.33"><memory>97.453125</memory></testcase><testcase classname="SystemTests.StepScan" name="StepScanWorkflowAlgorithm" time="0.56" totalTime="0.56"><memory>31.1015625</memory></testcase><testcase classname="SystemTests.SplineSmoothingTest" name="SplineSmoothingTest" time="0.0" totalTime="0.0"><memory>7.33203125</memory></testcase><testcase classname="SystemTests.CrystalFieldPythonInterface" name="CrystalFieldPythonInterface" time="16.32" totalTime="16.32"><memory>13.1640625</memory></testcase><testcase classname="SystemTests.ReflectometryISIS_v2" name="POLREF_ReflectometryISIS" time="0.43" totalTime="0.43"><memory>14.21484375</memory></testcase><testcase classname="SystemTests.SpaceGroupReflectionConditionsTest" name="SpaceGroupReflectionConditionsTest" time="22.24" totalTime="22.24"><memory>11.8359375</memory></testcase><testcase classname="SystemTests.ILLPowderLoadDetectorScanTest" name="ILLPowderLoadDetectorScanTest" time="3.03" totalTime="3.03"><memory>2.32421875</memory></testcase><testcase classname="SystemTests.NOMADTest" name="MedianDetectorTestTest" time="2.64" totalTime="2.64"><memory>141.71484375</memory></testcase><testcase classname="SystemTests.CountReflectionsTest" name="CountReflectionsTest" time="4.23" totalTime="4.23"><memory>1.828125</memory></testcase><testcase classname="SystemTests.WishCalibrate" name="WishCalibration"><skipped message="
ConfigService-[Information] Unable to locate directory at: /etc/mantid/instrument
ConfigService-[Information] This is Mantid version 6.3.20220422.945 revision g8656f37
ConfigService-[Information] running on ndw1851 starting 2022-04-23T02:35Z
ConfigService-[Information] Properties file(s) loaded: /opt/mantidnightly/bin/Mantid.properties, /home/abc/.mantid/Mantid.user.properties
ConfigService-[Information] Unable to locate directory at: /etc/mantid/instrument
FrameworkManager-[Notice] Welcome to Mantid 6.3.20220422.945
FrameworkManager-[Notice] Please cite: http://dx.doi.org/10.1016/j.nima.2014.07.029 and this release: http://dx.doi.org/10.5286/Software/Mantid
FrameworkManager-[Information] Instrument updates disabled - cannot update instrument definitions.
FrameworkManager-[Information] Version check disabled.
">
ConfigService-[Information] Unable to locate directory at: /etc/mantid/instrument
ConfigService-[Information] This is Mantid version 6.3.20220422.945 revision g8656f37
ConfigService-[Information] running on ndw1851 starting 2022-04-23T02:35Z
ConfigService-[Information] Properties file(s) loaded: /opt/mantidnightly/bin/Mantid.properties, /home/abc/.mantid/Mantid.user.properties
ConfigService-[Information] Unable to locate directory at: /etc/mantid/instrument
FrameworkManager-[Notice] Welcome to Mantid 6.3.20220422.945
FrameworkManager-[Notice] Please cite: http://dx.doi.org/10.1016/j.nima.2014.07.029 and this release: http://dx.doi.org/10.5286/Software/Mantid
FrameworkManager-[Information] Instrument updates disabled - cannot update instrument definitions.
FrameworkManager-[Information] Version check disabled.
</skipped></testcase><testcase classname="SystemTests.SingleCrystalDiffuseReductionTest" name="SingleCrystalDiffuseTest" time="22.07" totalTime="22.07"><memory>32.375</memory></testcase><testcase classname="SystemTests.ReuseExistingCalibration" name="ReuseExistingCalibration" time="0.2" totalTime="0.2"><memory>8.6640625</memory></testcase><testcase classname="SystemTests.SurfLoadingTest" name="SurfLoadingTest" time="0.36" totalTime="0.36"><memory>13.78125</memory></testcase><testcase classname="SystemTests.POLDIAnalyseResidualsTest" name="POLDIAnalyseResidualsTest" time="0.68" totalTime="0.68"><memory>9.16796875</memory></testcase><testcase classname="SystemTests.AlignComponentsTest" name="DetectorIDTest" time="12.51" totalTime="12.51"><memory>3.23046875</memory></testcase><testcase classname="SystemTests.POLDIMergeTest" name="POLDIMergeTest" time="0.36" totalTime="0.36"><memory>4.0234375</memory></testcase><testcase classname="SystemTests.EQSANSDarkCurrentAPIv2" name="EQSANSDarkCurrent" time="2.8" totalTime="2.8"><memory>23.92578125</memory></testcase><testcase classname="SystemTests.CalMuonDeadTimeTest" name="CalMuonDeadTimeTest" time="0.27" totalTime="0.27"><memory>8.40234375</memory></testcase><testcase classname="SystemTests.ReflectometryISIS" name="POLREF_ReflectometryISIS" time="0.58" totalTime="0.58"><memory>11.171875</memory></testcase><testcase classname="SystemTests.ReflectometryQuickMultiDetector" name="ReflectometryQuickMultiDetector" time="0.22" totalTime="0.22"><memory>10.4140625</memory></testcase><testcase classname="SystemTests.ReflectometryQuickCombineMulti" name="ReflectometryQuickCombineMulti" time="0.37" totalTime="0.37"><memory>10.24609375</memory></testcase><testcase classname="SystemTests.BilbySANSDataProcessorTest" name="BilbySANSDataProcessorTest" time="12.12" totalTime="12.12"><memory>6.2578125</memory></testcase><testcase classname="SystemTests.FlatPlatePaalmanPingsCorrectionTest" name="FlatPlatePaalmanPingsCorrectionTest" time="5.75" totalTime="5.75"><memory>10.76953125</memory></testcase><testcase classname="SystemTests.LoadWANDSCDTest" name="LoadWANDSCDTest" time="44.22" totalTime="44.22"><memory>382.8125</memory></testcase><testcase classname="SystemTests.LoadVesuvioTest" name="LoadVesuvioTest" time="0.0" totalTime="0.0"><memory>7.0390625</memory></testcase><testcase classname="SystemTests.ISISReflectometryAutoreductionTest" name="ISISReflectometryAutoreductionTest" time="2.9" totalTime="2.9"><memory>13.74609375</memory></testcase><testcase classname="SystemTests.HFIRTestsAPIv2" name="HFIRTestsAPIv2" time="23.37" totalTime="23.37"><memory>9.01953125</memory></testcase><testcase classname="SystemTests.DirectInelasticDiagnostic" name="DirectInelasticDiagnostic" time="8.54" totalTime="8.54"><memory>105.875</memory></testcase><testcase classname="SystemTests.LoadTest" name="LoadTest" time="0.0" totalTime="0.0"><memory>6.8046875</memory></testcase><testcase classname="SystemTests.ISISReflectometryWorkflowSlicingTest" name="ISISReflectometryWorkflowSlicingTest" time="0.43" totalTime="0.43"><memory>11.26953125</memory></testcase><testcase classname="SystemTests.LRReductionWithReferenceTest" name="LRReductionWithRefrenceTest"><skipped message="
ConfigService-[Information] Unable to locate directory at: /etc/mantid/instrument
ConfigService-[Information] This is Mantid version 6.3.20220422.945 revision g8656f37
ConfigService-[Information] running on ndw1851 starting 2022-04-23T02:38Z
ConfigService-[Information] Properties file(s) loaded: /opt/mantidnightly/bin/Mantid.properties, /home/abc/.mantid/Mantid.user.properties
ConfigService-[Information] Unable to locate directory at: /etc/mantid/instrument
FrameworkManager-[Notice] Welcome to Mantid 6.3.20220422.945
FrameworkManager-[Notice] Please cite: http://dx.doi.org/10.1016/j.nima.2014.07.029 and this release: http://dx.doi.org/10.5286/Software/Mantid
FrameworkManager-[Information] Instrument updates disabled - cannot update instrument definitions.
FrameworkManager-[Information] Version check disabled.
">
ConfigService-[Information] Unable to locate directory at: /etc/mantid/instrument
ConfigService-[Information] This is Mantid version 6.3.20220422.945 revision g8656f37
ConfigService-[Information] running on ndw1851 starting 2022-04-23T02:38Z
ConfigService-[Information] Properties file(s) loaded: /opt/mantidnightly/bin/Mantid.properties, /home/abc/.mantid/Mantid.user.properties
ConfigService-[Information] Unable to locate directory at: /etc/mantid/instrument
FrameworkManager-[Notice] Welcome to Mantid 6.3.20220422.945
FrameworkManager-[Notice] Please cite: http://dx.doi.org/10.1016/j.nima.2014.07.029 and this release: http://dx.doi.org/10.5286/Software/Mantid
FrameworkManager-[Information] Instrument updates disabled - cannot update instrument definitions.
FrameworkManager-[Information] Version check disabled.
</skipped></testcase><testcase classname="SystemTests.LiquidsReflectometryReductionNoScalingTest" name="ApplyScalingFactorTest" time="1.11" totalTime="1.11"><memory>9.4453125</memory></testcase><testcase classname="SystemTests.POLREFLoadingTest" name="POLREFLoadingTest" time="0.2" totalTime="0.2"><memory>9.31640625</memory></testcase><testcase classname="SystemTests.CompareMDWorkspacesTest" name="CompareMDWorkspacesTest" time="0.02" totalTime="0.02"><memory>7.99609375</memory></testcase><testcase classname="SystemTests.RefRoi" name="RefRoiTest" time="0.67" totalTime="0.67"><memory>3.53515625</memory></testcase><testcase classname="SystemTests.D7YIGPositionCalibrationTest" name="D7YIGPositionCalibrationTest" time="41.22" totalTime="41.22"><memory>12.14453125</memory></testcase><testcase classname="SystemTests.GetEiT0atSNSSystemTest" name="GetEiT0atSNSSystemTest" time="2.42" totalTime="2.42"><memory>11.91796875</memory></testcase><testcase classname="SystemTests.ZOOMLegacyUserFileTest" name="ZOOMLegacyUserFileTest" time="5.75" totalTime="5.75"><memory>33.6875</memory></testcase><testcase classname="SystemTests.SANSZOOMWavLoopsTest" name="ZOOMWavLoopsTest" time="8.26" totalTime="8.26"><memory>32.61328125</memory></testcase><testcase classname="SystemTests.SANSZOOMLegacyUserFileTest" name="ZOOMLegacyUserFileTest" time="5.67" totalTime="5.67"><memory>33.76953125</memory></testcase><testcase classname="SystemTests.ZOOMWavLoopsTest" name="ZOOMWavLoopsTest" time="8.37" totalTime="8.37"><memory>32.51953125</memory></testcase><testcase classname="SystemTests.SANSZOOMTomlFileTest" name="ZOOMTomlFileTest" time="5.59" totalTime="5.59"><memory>33.72265625</memory></testcase><testcase classname="SystemTests.ZOOMTomlFileTest" name="ZOOMTomlFileTest" time="5.6" totalTime="5.6"><memory>33.9375</memory></testcase><testcase classname="SystemTests.SANSMergedDetectorsTest" name="SANSMergedDetectorsTest" time="17.79" totalTime="17.79"><memory>11.9140625</memory></testcase><testcase classname="SystemTests.SANSMergedDetectorsTest_V2" name="SANSMergedDetectorsTest_V2" time="14.24" totalTime="14.24"><memory>15.86328125</memory></testcase><testcase classname="SystemTests.SANSDarkRunSubtractionTest" name="DarkRunSubtractionTestSystemTest" time="0.0" totalTime="0.0"><memory>10.3828125</memory></testcase><testcase classname="SystemTests.SANSSaveTest" name="SANSSaveRunnerTest" time="0.0" totalTime="0.0"><memory>6.80859375</memory></testcase><testcase classname="SystemTests.SANSCentreSample" name="SANSCentreSample" time="17.78" totalTime="17.78"><memory>8.3125</memory></testcase><testcase classname="SystemTests.SANSUtilityTest" name="SANSUtilityTest" time="1.14" totalTime="1.14"><memory>6.39453125</memory></testcase><testcase classname="SystemTests.SANSLARMORMultiPeriod" name="LARMORMultiPeriodEventModeLoading" time="4.01" totalTime="4.01"><memory>13.79296875</memory></testcase><testcase classname="SystemTests.SANSLARMORMultiPeriod_V2" name="LARMORMultiPeriodEventModeLoadingTest_V2" time="11.12" totalTime="11.12"><memory>10.62109375</memory></testcase><testcase classname="SystemTests.SANSLARMORMultiPeriodAddFiles" name="LARMORMultiPeriodAddEventFiles" time="47.82" totalTime="47.82"><memory>21.734375</memory></testcase><testcase classname="SystemTests.SANSLARMORMultiPeriodAddFilesTest_V2" name="LARMORMultiPeriodAddEventFilesTest_V2" time="23.49" totalTime="23.49"><memory>15.9453125</memory></testcase><testcase classname="SystemTests.SANSLARMOR_multiperiod_event_files_TOML" name="LARMORMultiPeriodAddEventFilesTest_V2" time="23.58" totalTime="23.58"><memory>19.9609375</memory></testcase><testcase classname="SystemTests.SANSLOQCan2D_TOML" name="SANSLOQCan2DTest_TOML" time="1.31" totalTime="1.31"><memory>12.22265625</memory></testcase><testcase classname="SystemTests.SANSLOQTransFitWorkspace2D" name="SANSLOQTransFitWorkspace2D" time="2.22" totalTime="2.22"><memory>7.03125</memory></testcase><testcase classname="SystemTests.SANSLOQBatch" name="SANSLOQBatch" time="1.94" totalTime="1.94"><memory>8.19140625</memory></testcase><testcase classname="SystemTests.SANSLOQCan2D_V2" name="SANSLOQCan2DTest_V2" time="1.31" totalTime="1.31"><memory>5.3125</memory></testcase><testcase classname="SystemTests.SANSLOQBatch_V2" name="SANSLOQBatchTest_V2" time="1.99" totalTime="1.99"><memory>9.60546875</memory></testcase><testcase classname="SystemTests.SANSLOQCan2D" name="SANSLOQCan2D" time="1.3" totalTime="1.3"><memory>10.18359375</memory></testcase><testcase classname="SystemTests.SANSLOQAddBatch" name="SANSAddBatch" time="2.71" totalTime="2.71"><memory>11.4921875</memory></testcase><testcase classname="SystemTests.SANSLOQReductionGUITest_V2" name="SANSLOQMinimalBatchReductionTest_V2" time="1.73" totalTime="1.73"><memory>8.00390625</memory></testcase><testcase classname="SystemTests.SANSLOQReductionGUI" name="SANSLOQMinimalBatchReduction" time="1.97" totalTime="1.97"><memory>11.39453125</memory></testcase><testcase classname="SystemTests.SANS2DWaveloopsTest_V2" name="SANS2DWaveloopsTest_V2" time="6.66" totalTime="6.66"><memory>5.39453125</memory></testcase><testcase classname="SystemTests.SANS2DMultiPeriodAddFilesTest_V2" name="SANS2DMultiPeriodAddFiles_V2" time="37.41" totalTime="37.41"><memory>17.9609375</memory></testcase><testcase classname="SystemTests.SANS2DMultiPeriodAddFiles" name="SANS2DMultiPeriodAddFiles" time="36.12" totalTime="36.12"><memory>12.3125</memory></testcase></testsuite>
