<?xml version="1.0" ?><testsuite failures="0" name="SystemTests" skipped="5" tests="317" time="3735.38"><testcase classname="SystemTests.SliceViewerIntegrationTest" name="SliceViewerTestAxesLimitsRespectNonorthogonalTransform" time="0.44" totalTime="0.44"><memory>35.8671875</memory></testcase><testcase classname="SystemTests.SliceViewerIntegrationTest" name="SliceViewerTestChangingNormUpdatesClimValidators" time="0.27" totalTime="0.27"><memory>20.8828125</memory></testcase><testcase classname="SystemTests.SliceViewerIntegrationTest" name="SliceViewerTestClimPreventsNegativeValuesIfLognorm" time="0.27" totalTime="0.27"><memory>25.33203125</memory></testcase><testcase classname="SystemTests.SliceViewerIntegrationTest" name="SliceViewerTestCloseEvent" time="0.28" totalTime="0.28"><memory>37.41015625</memory></testcase><testcase classname="SystemTests.SliceViewerIntegrationTest" name="SliceViewerTestClosedOnReplaceWhenChangedNonorthogonalTransformSupport" time="0.16" totalTime="0.16"><memory>36.0078125</memory></testcase><testcase classname="SystemTests.SliceViewerIntegrationTest" name="SliceViewerTestDeleteOnClose" time="0.25" totalTime="0.25"><memory>30.61328125</memory></testcase><testcase classname="SystemTests.SliceViewerIntegrationTest" name="SliceViewerTestNonorthogonalViewDisabledWhenEaxisViewed" time="0.16" totalTime="0.16"><memory>34.58203125</memory></testcase><testcase classname="SystemTests.SliceViewerIntegrationTest" name="SliceViewerTestNonorthogonalViewDisablesLineplots" time="0.5" totalTime="0.5"><memory>37.49609375</memory></testcase><testcase classname="SystemTests.SliceViewerIntegrationTest" name="SliceViewerTestNormSwitchesIfContainsNonPositiveData" time="0.27" totalTime="0.27"><memory>26.828125</memory></testcase><testcase classname="SystemTests.SliceViewerIntegrationTest" name="SliceViewerTestPlotMatrixXlimitsIgnoresMonitors" time="0.28" totalTime="0.28"><memory>35.859375</memory></testcase><testcase classname="SystemTests.SliceViewerIntegrationTest" name="SliceViewerTestPlotMatrixXlimitsIgnoresNans" time="0.28" totalTime="0.28"><memory>35.1875</memory></testcase><testcase classname="SystemTests.SliceViewerIntegrationTest" name="SliceViewerTestRegionSelectorDisabledWithLineplots" time="0.23" totalTime="0.23"><memory>35.078125</memory></testcase><testcase classname="SystemTests.SliceViewerIntegrationTest" name="SliceViewerTestUpdatePlotDataUpdatesAxesLimits" time="0.14" totalTime="0.14"><memory>33.29296875</memory></testcase><testcase classname="SystemTests.SliceViewerIntegrationTest" name="SliceViewerTestViewClosedOnADSCleared" time="0.28" totalTime="0.28"><memory>36.83203125</memory></testcase><testcase classname="SystemTests.SliceViewerIntegrationTest" name="SliceViewerTestViewClosedOnReplaceWhenModelPropertiesChange" time="0.28" totalTime="0.28"><memory>37.3828125</memory></testcase><testcase classname="SystemTests.SliceViewerIntegrationTest" name="SliceViewerTestViewClosedOnWorkspaceDeleted" time="0.28" totalTime="0.28"><memory>36.78515625</memory></testcase><testcase classname="SystemTests.SliceViewerIntegrationTest" name="SliceViewerTestViewNotClosedOnOtherWorkspaceDeleted" time="0.28" totalTime="0.28"><memory>36.71484375</memory></testcase><testcase classname="SystemTests.SliceViewerIntegrationTest" name="SliceViewerTestViewTitleNotChangedOnOtherWorkspaceRename" time="0.26" totalTime="0.26"><memory>31.11328125</memory></testcase><testcase classname="SystemTests.SliceViewerIntegrationTest" name="SliceViewerTestViewTitleOnWorkspaceRename" time="0.35" totalTime="0.35"><memory>31.875</memory></testcase><testcase classname="SystemTests.SliceViewerIntegrationTest" name="SliceViewerTestViewUpdatedOnReplaceWhenModelPropertiesNotChangedMDEventWs" time="0.32" totalTime="0.32"><memory>79.55078125</memory></testcase><testcase classname="SystemTests.SliceViewerIntegrationTest" name="SliceViewerTestViewUpdatedOnReplaceWhenModelPropertiesNotChangedMatrixWs" time="0.36" totalTime="0.36"><memory>38.59375</memory></testcase><testcase classname="SystemTests.BASISTest" name="BASISReduction1Test" time="9.8" totalTime="9.8"><memory>10.20703125</memory></testcase><testcase classname="SystemTests.BASISTest" name="BASISReduction2Test" time="5.78" totalTime="5.78"><memory>11.625</memory></testcase><testcase classname="SystemTests.BASISTest" name="BASISReduction3Test" time="9.49" totalTime="9.49"><memory>10.48046875</memory></testcase><testcase classname="SystemTests.BASISTest" name="BASISReduction4Test" time="6.33" totalTime="6.33"><memory>12.01953125</memory></testcase><testcase classname="SystemTests.BASISTest" name="BASISReduction5Test" time="2.67" totalTime="2.67"><memory>8.6171875</memory></testcase><testcase classname="SystemTests.BASISTest" name="BASISReduction6Test" time="4.99" totalTime="4.99"><memory>11.40234375</memory></testcase><testcase classname="SystemTests.BASISTest" name="CrystalDiffractionTest" time="6.82" totalTime="6.82"><memory>10.16015625</memory></testcase><testcase classname="SystemTests.BASISTest" name="DynamicSusceptibilityTest" time="4.85" totalTime="4.85"><memory>10.55078125</memory></testcase><testcase classname="SystemTests.BASISTest" name="ElwinTest" time="0.6" totalTime="0.6"><memory>9.8515625</memory></testcase><testcase classname="SystemTests.BASISTest" name="GaussianMSDTest" time="0.83" totalTime="0.83"><memory>11.84375</memory></testcase><testcase classname="SystemTests.BASISTest" name="PowderFluxNormalizationTest" time="2.92" totalTime="2.92"><memory>13.07421875</memory></testcase><testcase classname="SystemTests.BASISTest" name="PowderSampleNewDASTest" time="1.91" totalTime="1.91"><memory>10.96875</memory></testcase><testcase classname="SystemTests.BASISTest" name="PowderSampleTest" time="3.98" totalTime="3.98"><memory>8.1015625</memory></testcase><testcase classname="SystemTests.SANSILLAutoProcessTest" name="D11B_AutoProcess_DirectBeamResolution_Test" time="13.06" totalTime="13.06"><memory>9.53515625</memory></testcase><testcase classname="SystemTests.SANSILLAutoProcessTest" name="D11_AutoProcess_CustomStitching_Test" time="18.58" totalTime="18.58"><memory>9.40234375</memory></testcase><testcase classname="SystemTests.SANSILLAutoProcessTest" name="D11_AutoProcess_IQxQy_Test" time="12.41" totalTime="12.41"><memory>7.9296875</memory></testcase><testcase classname="SystemTests.SANSILLAutoProcessTest" name="D11_AutoProcess_Multiple_Transmissions_Test" time="10.24" totalTime="10.24"><memory>4.3125</memory></testcase><testcase classname="SystemTests.SANSILLAutoProcessTest" name="D11_AutoProcess_Solvent_Test" time="13.96" totalTime="13.96"><memory>5.1015625</memory></testcase><testcase classname="SystemTests.SANSILLAutoProcessTest" name="D11_AutoProcess_Test" time="18.26" totalTime="18.26"><memory>9.85546875</memory></testcase><testcase classname="SystemTests.SANSILLAutoProcessTest" name="D11_AutoProcess_Wedges_Test" time="12.5" totalTime="12.5"><memory>7.79296875</memory></testcase><testcase classname="SystemTests.SANSILLAutoProcessTest" name="D16_AutoProcess_Test" time="27.83" totalTime="27.83"><memory>9.0546875</memory></testcase><testcase classname="SystemTests.SANSILLAutoProcessTest" name="D16_AutoProcess_Test_cycle213" time="7.94" totalTime="7.94"><memory>6.3359375</memory></testcase><testcase classname="SystemTests.SANSILLAutoProcessTest" name="D22_AutoProcess_Multi_Sensitivity" time="0.86" totalTime="0.86"><memory>9.51171875</memory></testcase><testcase classname="SystemTests.SANSILLAutoProcessTest" name="D22_AutoProcess_Single_Sensitivity" time="0.34" totalTime="0.34"><memory>7.25</memory></testcase><testcase classname="SystemTests.SANSILLAutoProcessTest" name="D33_AutoProcess_IPhiQ_Test" time="7.33" totalTime="7.33"><memory>4.265625</memory></testcase><testcase classname="SystemTests.SANSILLAutoProcessTest" name="D33_AutoProcess_Panels_Test" time="7.06" totalTime="7.06"><memory>6.02734375</memory></testcase><testcase classname="SystemTests.AbinsTest" name="AbinsBinWidth" time="0.52" totalTime="0.52"><memory>12.4765625</memory></testcase><testcase classname="SystemTests.AbinsTest" name="AbinsCASTEP1DDispersion" time="3.47" totalTime="3.47"><memory>9.640625</memory></testcase><testcase classname="SystemTests.AbinsTest" name="AbinsCASTEPIsotopes" time="0.09" totalTime="0.09"><memory>8.41796875</memory></testcase><testcase classname="SystemTests.AbinsTest" name="AbinsCASTEPNoH" time="0.51" totalTime="0.51"><memory>10.5</memory></testcase><testcase classname="SystemTests.AbinsTest" name="AbinsCRYSTALTestBiggerSystem" time="2.58" totalTime="2.58"><memory>7.3125</memory></testcase><testcase classname="SystemTests.AbinsTest" name="AbinsCRYSTALTestLargerOrder" time="0.45" totalTime="0.45"><memory>8.5</memory></testcase><testcase classname="SystemTests.AbinsTest" name="AbinsCRYSTALTestScale" time="0.29" totalTime="0.29"><memory>8.44921875</memory></testcase><testcase classname="SystemTests.AbinsTest" name="AbinsCRYSTALTestScratch" time="0.29" totalTime="0.29"><memory>8.3828125</memory></testcase><testcase classname="SystemTests.AbinsTest" name="AbinsCRYSTALTestSmallerOrder" time="0.32" totalTime="0.32"><memory>8.546875</memory></testcase><testcase classname="SystemTests.AbinsTest" name="AbinsCRYSTALTestT" time="0.6" totalTime="0.6"><memory>10.3515625</memory></testcase><testcase classname="SystemTests.AbinsTest" name="AbinsDMOL3TestScratch" time="0.53" totalTime="0.53"><memory>8.62890625</memory></testcase><testcase classname="SystemTests.AbinsTest" name="AbinsGAUSSIANestScratch" time="0.25" totalTime="0.25"><memory>6.45703125</memory></testcase><testcase classname="SystemTests.ILLPowderDetectorScanTest" name="D20_Mask_ReductionTest" time="4.67" totalTime="4.67"><memory>7.16015625</memory></testcase><testcase classname="SystemTests.ILLPowderDetectorScanTest" name="D20_NoMask_ReductionTest" time="4.88" totalTime="4.88"><memory>7.16015625</memory></testcase><testcase classname="SystemTests.ILLPowderDetectorScanTest" name="D20_TwoScansMerged_Test" time="19.38" totalTime="19.38"><memory>4.53515625</memory></testcase><testcase classname="SystemTests.ILLPowderDetectorScanTest" name="D2B_1D_ReductionTest" time="5.62" totalTime="5.62"><memory>5.58984375</memory></testcase><testcase classname="SystemTests.ILLPowderDetectorScanTest" name="D2B_2DTubes_ReductionTest" time="6.14" totalTime="6.14"><memory>5.47265625</memory></testcase><testcase classname="SystemTests.ILLPowderDetectorScanTest" name="D2B_2D_ReductionTest" time="5.98" totalTime="5.98"><memory>9.79296875</memory></testcase><testcase classname="SystemTests.ILLPowderDetectorScanTest" name="D2B_Component_ReductionTest" time="3.65" totalTime="3.65"><memory>3.22265625</memory></testcase><testcase classname="SystemTests.ILLPowderDetectorScanTest" name="D2B_HeightRange_ReductionTest" time="6.66" totalTime="6.66"><memory>3.640625</memory></testcase><testcase classname="SystemTests.ILLPowderDetectorScanTest" name="D2B_LowCounts_ReductionTest" time="1.97" totalTime="1.97"><memory>8.6640625</memory></testcase><testcase classname="SystemTests.ILLPowderDetectorScanTest" name="D2B_Merge_ReductionTest" time="11.58" totalTime="11.58"><memory>8.171875</memory></testcase><testcase classname="SystemTests.ILLPowderDetectorScanTest" name="_DiffReductionTest" time="0.0" totalTime="0.0"><memory>0.0</memory></testcase><testcase classname="SystemTests.GenerateLogbookTest" name="D11B_GenerateLogbook_Test" time="0.22" totalTime="0.22"><memory>7.296875</memory></testcase><testcase classname="SystemTests.GenerateLogbookTest" name="D11_GenerateLogbook_Test" time="0.17" totalTime="0.17"><memory>8.75</memory></testcase><testcase classname="SystemTests.GenerateLogbookTest" name="D16_GenerateLogbook_Test" time="0.25" totalTime="0.25"><memory>4.2734375</memory></testcase><testcase classname="SystemTests.GenerateLogbookTest" name="D22B_GenerateLogbook_Test" time="0.18" totalTime="0.18"><memory>5.30859375</memory></testcase><testcase classname="SystemTests.GenerateLogbookTest" name="D22_GenerateLogbook_Test" time="0.11" totalTime="0.11"><memory>7.546875</memory></testcase><testcase classname="SystemTests.GenerateLogbookTest" name="D33_GenerateLogbook_Test" time="0.24" totalTime="0.24"><memory>4.1640625</memory></testcase><testcase classname="SystemTests.GenerateLogbookTest" name="IN4_GenerateLogbook_Test" time="1.3" totalTime="1.3"><memory>12.08984375</memory></testcase><testcase classname="SystemTests.GenerateLogbookTest" name="IN5_GenerateLogbook_Test" time="0.49" totalTime="0.49"><memory>9.4921875</memory></testcase><testcase classname="SystemTests.GenerateLogbookTest" name="IN6_GenerateLogbook_Test" time="0.05" totalTime="0.05"><memory>5.87890625</memory></testcase><testcase classname="SystemTests.HFIRTransAPIv2" name="HFIRTrans1" time="0.83" totalTime="0.83"><memory>5.8046875</memory></testcase><testcase classname="SystemTests.HFIRTransAPIv2" name="HFIRTrans2" time="0.59" totalTime="0.59"><memory>6.296875</memory></testcase><testcase classname="SystemTests.HFIRTransAPIv2" name="HFIRTransmissionBeamCenter" time="0.81" totalTime="0.81"><memory>8.08203125</memory></testcase><testcase classname="SystemTests.HFIRTransAPIv2" name="HFIRTransmissionBeamSpreader" time="0.94" totalTime="0.94"><memory>4.84375</memory></testcase><testcase classname="SystemTests.HFIRTransAPIv2" name="HFIRTransmissionBeamSpreaderBC" time="0.95" totalTime="0.95"><memory>5.59765625</memory></testcase><testcase classname="SystemTests.HFIRTransAPIv2" name="HFIRTransmissionBeamSpreaderDBC" time="0.99" totalTime="0.99"><memory>7.0859375</memory></testcase><testcase classname="SystemTests.HFIRTransAPIv2" name="HFIRTransmissionBeamSpreaderDC" time="1.25" totalTime="1.25"><memory>5.98828125</memory></testcase><testcase classname="SystemTests.HFIRTransAPIv2" name="HFIRTransmissionDarkCurrent" time="1.05" totalTime="1.05"><memory>4.078125</memory></testcase><testcase classname="SystemTests.HFIRTransAPIv2" name="HFIRTransmissionDirectBeamCenter" time="0.94" totalTime="0.94"><memory>7.078125</memory></testcase><testcase classname="SystemTests.DOSTest" name="DOSCastepTest" time="0.02" totalTime="0.02"><memory>5.8515625</memory></testcase><testcase classname="SystemTests.DOSTest" name="DOSIRActiveTest" time="0.02" totalTime="0.02"><memory>5.94140625</memory></testcase><testcase classname="SystemTests.DOSTest" name="DOSPartialCrossSectionScaleTest" time="0.07" totalTime="0.07"><memory>4.234375</memory></testcase><testcase classname="SystemTests.DOSTest" name="DOSPartialSummedContributionsCrossSectionScaleTest" time="0.07" totalTime="0.07"><memory>5.92578125</memory></testcase><testcase classname="SystemTests.DOSTest" name="DOSPartialSummedContributionsTest" time="0.06" totalTime="0.06"><memory>3.99609375</memory></testcase><testcase classname="SystemTests.DOSTest" name="DOSPartialTest" time="0.06" totalTime="0.06"><memory>6.22265625</memory></testcase><testcase classname="SystemTests.DOSTest" name="DOSPhononCrossSectionScaleTest" time="0.06" totalTime="0.06"><memory>5.98828125</memory></testcase><testcase classname="SystemTests.DOSTest" name="DOSPhononTest" time="0.02" totalTime="0.02"><memory>5.76171875</memory></testcase><testcase classname="SystemTests.DOSTest" name="DOSRamanActiveTest" time="0.02" totalTime="0.02"><memory>5.7734375</memory></testcase><testcase classname="SystemTests.VesuvioCorrectionsTest" name="TestCorrectionsInBackScatteringSpectra" time="3.33" totalTime="3.33"><memory>10.05078125</memory></testcase><testcase classname="SystemTests.VesuvioCorrectionsTest" name="TestGammaAndMsCorrectWithContainer" time="0.17" totalTime="0.17"><memory>8.30859375</memory></testcase><testcase classname="SystemTests.VesuvioCorrectionsTest" name="TestGammaAndMsCorrectWithContainerFixedScaling" time="9.56" totalTime="9.56"><memory>5.796875</memory></testcase><testcase classname="SystemTests.VesuvioCorrectionsTest" name="TestGammaAndMsCorrectWorkspaceIndexOne" time="9.58" totalTime="9.58"><memory>8.1640625</memory></testcase><testcase classname="SystemTests.VesuvioCorrectionsTest" name="TestGammaAndMsCorrectWorkspaceIndexTwo" time="9.57" totalTime="9.57"><memory>8.14453125</memory></testcase><testcase classname="SystemTests.VesuvioCorrectionsTest" name="TestMsCorrectWithContainer" time="3.22" totalTime="3.22"><memory>7.94140625</memory></testcase><testcase classname="SystemTests.VesuvioCorrectionsTest" name="TestRunningWithoutFitParamsRaisesError" time="0.17" totalTime="0.17"><memory>7.65625</memory></testcase><testcase classname="SystemTests.VesuvioCorrectionsTest" name="TestRunningWithoutMassesRaisesError" time="0.17" totalTime="0.17"><memory>7.609375</memory></testcase><testcase classname="SystemTests.VesuvioCorrectionsTest" name="TestRunningWithoutProfilesRaisesError" time="0.17" totalTime="0.17"><memory>7.73828125</memory></testcase><testcase classname="SystemTests.complexShapeAbsorptionsTest" name="MultiPartEnvironmentRotate" time="7.84" totalTime="7.84"><memory>6.6796875</memory></testcase><testcase classname="SystemTests.complexShapeAbsorptionsTest" name="MultiPartEnvironmentTranslate" time="8.01" totalTime="8.01"><memory>2.21484375</memory></testcase><testcase classname="SystemTests.complexShapeAbsorptionsTest" name="RotatedSampleEnvironment" time="7.36" totalTime="7.36"><memory>6.203125</memory></testcase><testcase classname="SystemTests.complexShapeAbsorptionsTest" name="RotatedSampleShape" time="6.97" totalTime="6.97"><memory>2.91015625</memory></testcase><testcase classname="SystemTests.complexShapeAbsorptionsTest" name="RotatedSampleShapeAndSampleEnvironment" time="7.03" totalTime="7.03"><memory>3.56640625</memory></testcase><testcase classname="SystemTests.complexShapeAbsorptionsTest" name="SampleEnvironment" time="7.14" totalTime="7.14"><memory>1.4140625</memory></testcase><testcase classname="SystemTests.complexShapeAbsorptionsTest" name="SampleShapeBase" time="6.99" totalTime="6.99"><memory>1.97265625</memory></testcase><testcase classname="SystemTests.complexShapeAbsorptionsTest" name="TranslatedAndRotatedSampleEnvironment" time="7.35" totalTime="7.35"><memory>3.03515625</memory></testcase><testcase classname="SystemTests.complexShapeAbsorptionsTest" name="TranslatedSampleEnvironment" time="7.26" totalTime="7.26"><memory>6.609375</memory></testcase><testcase classname="SystemTests.SANSILLReduction2Test" name="ILL_SANS_D11B_MONO_TEST" time="18.98" totalTime="18.98"><memory>9.98046875</memory></testcase><testcase classname="SystemTests.SANSILLReduction2Test" name="ILL_SANS_D11_MONO_TEST" time="3.38" totalTime="3.38"><memory>6.66015625</memory></testcase><testcase classname="SystemTests.SANSILLReduction2Test" name="ILL_SANS_D22B_MONO_TEST" time="10.19" totalTime="10.19"><memory>11.19921875</memory></testcase><testcase classname="SystemTests.SANSILLReduction2Test" name="ILL_SANS_D22_MONO_TEST" time="2.56" totalTime="2.56"><memory>6.7421875</memory></testcase><testcase classname="SystemTests.SANSILLReduction2Test" name="ILL_SANS_D22_MULTISENS" time="3.75" totalTime="3.75"><memory>8.09375</memory></testcase><testcase classname="SystemTests.SANSILLReduction2Test" name="ILL_SANS_D33_LTOF_TEST" time="15.19" totalTime="15.19"><memory>10.68359375</memory></testcase><testcase classname="SystemTests.SANSILLReduction2Test" name="ILL_SANS_D33_MONO_TEST" time="8.47" totalTime="8.47"><memory>7.3984375</memory></testcase><testcase classname="SystemTests.SANSILLReduction2Test" name="ILL_SANS_D33_VTOF_TEST" time="7.16" totalTime="7.16"><memory>11.390625</memory></testcase><testcase classname="SystemTests.HB3AWorkflowTests" name="HB3AFindPeaksTest" time="14.52" totalTime="14.52"><memory>12.33984375</memory></testcase><testcase classname="SystemTests.HB3AWorkflowTests" name="MultiFileFindPeaksIntegrate" time="10.44" totalTime="10.44"><memory>8.01171875</memory></testcase><testcase classname="SystemTests.HB3AWorkflowTests" name="MultiFilePredictPeaksIntegrate" time="10.15" totalTime="10.15"><memory>12.41796875</memory></testcase><testcase classname="SystemTests.HB3AWorkflowTests" name="MultiFilePredictPeaksUBFromFindPeaksIntegrate" time="10.34" totalTime="10.34"><memory>7.60546875</memory></testcase><testcase classname="SystemTests.HB3AWorkflowTests" name="SatellitePeaksFakeData" time="3.07" totalTime="3.07"><memory>13.25</memory></testcase><testcase classname="SystemTests.HB3AWorkflowTests" name="SingleFileFindPeaksIntegrate" time="5.77" totalTime="5.77"><memory>11.66015625</memory></testcase><testcase classname="SystemTests.HB3AWorkflowTests" name="SingleFilePredictPeaksIntegrate" time="5.72" totalTime="5.72"><memory>10.734375</memory></testcase><testcase classname="SystemTests.HB3AWorkflowTests" name="SingleFilePredictPeaksUBFromFindPeaksIntegrate" time="5.84" totalTime="5.84"><memory>4.7578125</memory></testcase><testcase classname="SystemTests.AlignAndFocusPowderFromFilesTest" name="AbsorptionCompare" time="47.77" totalTime="47.77"><memory>11.09375</memory></testcase><testcase classname="SystemTests.AlignAndFocusPowderFromFilesTest" name="ChunkingCompare" time="75.6" totalTime="75.6"><memory>11.6484375</memory></testcase><testcase classname="SystemTests.AlignAndFocusPowderFromFilesTest" name="DifferentGrouping" time="7.19" totalTime="7.19"><memory>8.23828125</memory></testcase><testcase classname="SystemTests.AlignAndFocusPowderFromFilesTest" name="SimplestCompare" time="6.53" totalTime="6.53"><memory>8.25390625</memory></testcase><testcase classname="SystemTests.AlignAndFocusPowderFromFilesTest" name="UseCache" time="3.84" totalTime="3.84"><memory>11.5859375</memory></testcase><testcase classname="SystemTests.AlignAndFocusPowderFromFilesTest" name="VulcanRaggedInD" time="1.3" totalTime="1.3"><memory>8.796875</memory></testcase><testcase classname="SystemTests.AlignAndFocusPowderFromFilesTest" name="VulcanRaggedInTOF" time="1.22" totalTime="1.22"><memory>12.1484375</memory></testcase><testcase classname="SystemTests.SNSPowderRedux" name="PG3AbsorptionCorrection" time="541.35" totalTime="541.35"><memory>8.80078125</memory></testcase><testcase classname="SystemTests.SNSPowderRedux" name="PG3Analysis" time="468.11" totalTime="468.11"><memory>12.78515625</memory></testcase><testcase classname="SystemTests.SNSPowderRedux" name="PG3InfoFromLogs" time="23.04" totalTime="23.04"><memory>12.09375</memory></testcase><testcase classname="SystemTests.SNSPowderRedux" name="PG3StripPeaks" time="11.92" totalTime="11.92"><memory>9.6640625</memory></testcase><testcase classname="SystemTests.SNSPowderRedux" name="SeriesAndConjoinFilesTest" time="7.59" totalTime="7.59"><memory>10.7265625</memory></testcase><testcase classname="SystemTests.SNSPowderRedux" name="SumFilesTest" time="7.58" totalTime="7.58"><memory>7.6796875</memory></testcase><testcase classname="SystemTests.SNSPowderRedux" name="ToPDFgetNTest" time="4.21" totalTime="4.21"><memory>6.8046875</memory></testcase><testcase classname="SystemTests.LOQReloadWorkspaces" name="SANSLOQCan2DReloadWorkspace" time="1.33" totalTime="1.33"><memory>4.96484375</memory></testcase><testcase classname="SystemTests.LOQReloadWorkspaces" name="SANSLOQReductionOnLoadedWorkspaceMustProduceTheSameResult_1" time="19.19" totalTime="19.19"><memory>9.56640625</memory></testcase><testcase classname="SystemTests.LOQReloadWorkspaces" name="SANSLOQReductionOnLoadedWorkspaceMustProduceTheSameResult_2" time="1.13" totalTime="1.13"><memory>9.0</memory></testcase><testcase classname="SystemTests.LOQReloadWorkspaces" name="SANSLOQReductionShouldAcceptLoadedWorkspaceSystemTest" time="0.92" totalTime="0.92"><memory>9.3125</memory></testcase><testcase classname="SystemTests.LOQReloadWorkspaces" name="SANSLOQTransFitWorkspace2DWithLoadedWorkspace" time="1.11" totalTime="1.11"><memory>6.734375</memory></testcase><testcase classname="SystemTests.SANS2DReductionGUIAdded" name="SANS2DAddedEventFilesWithOverlay" time="21.99" totalTime="21.99"><memory>11.37890625</memory></testcase><testcase classname="SystemTests.SANS2DReductionGUIAdded" name="SANS2DAddedEventFilesWithOverlayAndTimeShift" time="21.67" totalTime="21.67"><memory>11.0859375</memory></testcase><testcase classname="SystemTests.SANS2DReductionGUIAdded" name="SANS2DAddedEventFilesWithoutOverlay" time="21.27" totalTime="21.27"><memory>13.30078125</memory></testcase><testcase classname="SystemTests.SANS2DReductionGUIAdded" name="SANS2DAddedEventFilesWithoutOverlayWithISISCommandInterface" time="21.35" totalTime="21.35"><memory>13.33203125</memory></testcase><testcase classname="SystemTests.SANS2DReductionGUIAdded" name="SANS2DReductionGUIAddedFiles" time="21.36" totalTime="21.36"><memory>10.6328125</memory></testcase><testcase classname="SystemTests.ISISReflInstrumentIDFTest" name="CRISP_ISISReflInstrumentIDFTest" time="0.08" totalTime="0.08"><memory>7.53515625</memory></testcase><testcase classname="SystemTests.ISISReflInstrumentIDFTest" name="INTER_ISISReflInstrumentIDFTest" time="0.19" totalTime="0.19"><memory>7.4765625</memory></testcase><testcase classname="SystemTests.ISISReflInstrumentIDFTest" name="POLREF_ISISReflInstrumentIDFTest" time="0.16" totalTime="0.16"><memory>7.46484375</memory></testcase><testcase classname="SystemTests.ISISReflInstrumentIDFTest" name="SURF_ISISReflInstrumentIDFTest" time="0.01" totalTime="0.01"><memory>4.65625</memory></testcase><testcase classname="SystemTests.PredictPeaksTest" name="PredictPeaksCalculateStructureFactorsTest" time="9.3" totalTime="9.3"><memory>0.38671875</memory></testcase><testcase classname="SystemTests.PredictPeaksTest" name="PredictPeaksTestDEMAND" time="21.55" totalTime="21.55"><memory>4.29296875</memory></testcase><testcase classname="SystemTests.PredictPeaksTest" name="PredictPeaksTestTOPAZ" time="6.66" totalTime="6.66"><memory>1.421875</memory></testcase><testcase classname="SystemTests.PredictPeaksTest" name="PredictPeaksTestWISH" time="7.58" totalTime="7.58"><memory>0.98828125</memory></testcase><testcase classname="SystemTests.SNSConvertToMDTest" name="SNSConvertToMDHistNoProjTest" time="10.58" totalTime="10.58"><memory>5.97265625</memory></testcase><testcase classname="SystemTests.SNSConvertToMDTest" name="SNSConvertToMDHistProjTest" time="9.62" totalTime="9.62"><memory>4.96484375</memory></testcase><testcase classname="SystemTests.SNSConvertToMDTest" name="SNSConvertToMDNoHistNoProjTest" time="6.48" totalTime="6.48"><memory>10.421875</memory></testcase><testcase classname="SystemTests.SNSConvertToMDTest" name="SNSConvertToMDNoHistProjTest" time="6.49" totalTime="6.49"><memory>10.80078125</memory></testcase><testcase classname="SystemTests.VesuvioLoadingTest" name="LoadBackScatteringSpectrumTest" time="0.53" totalTime="0.53"><memory>9.8515625</memory></testcase><testcase classname="SystemTests.VesuvioLoadingTest" name="LoadMultipleRunMultipleSpectrumTest" time="0.29" totalTime="0.29"><memory>7.33203125</memory></testcase><testcase classname="SystemTests.VesuvioLoadingTest" name="LoadMultipleRunSingleSpectrumTest" time="0.12" totalTime="0.12"><memory>7.56640625</memory></testcase><testcase classname="SystemTests.VesuvioLoadingTest" name="LoadSingleRunSingleSpectrumTest" time="0.03" totalTime="0.03"><memory>3.3984375</memory></testcase><testcase classname="SystemTests.SaveLoadNexusProcessed" name="SaveLoadNexusProcessedBasicTest" time="0.02" totalTime="0.02"><memory>3.38671875</memory></testcase><testcase classname="SystemTests.SaveLoadNexusProcessed" name="SaveLoadNexusProcessedEmptySampleNameTest" time="0.01" totalTime="0.01"><memory>1.421875</memory></testcase><testcase classname="SystemTests.SaveLoadNexusProcessed" name="SaveLoadNexusProcessedMaskWorkspaceTest" time="0.01" totalTime="0.01"><memory>3.5</memory></testcase><testcase classname="SystemTests.SaveLoadNexusProcessed" name="SaveLoadNexusProcessedNoDetectorsSpectraNumbersTest" time="0.01" totalTime="0.01"><memory>3.8359375</memory></testcase><testcase classname="SystemTests.PaalmanPingsMonteCarloAbsorptionTest" name="AnnulusTest" time="41.75" totalTime="41.75"><memory>12.83203125</memory></testcase><testcase classname="SystemTests.PaalmanPingsMonteCarloAbsorptionTest" name="CylinderTest" time="15.82" totalTime="15.82"><memory>13.2421875</memory></testcase><testcase classname="SystemTests.PaalmanPingsMonteCarloAbsorptionTest" name="FlatPlateTest" time="16.15" totalTime="16.15"><memory>12.984375</memory></testcase><testcase classname="SystemTests.PaalmanPingsMonteCarloAbsorptionTest" name="PresetTest" time="16.19" totalTime="16.19"><memory>12.8125</memory></testcase><testcase classname="SystemTests.SANS2DReductionGUI" name="SANS2DGUIBatchReduction" time="4.75" totalTime="4.75"><memory>17.38671875</memory></testcase><testcase classname="SystemTests.SANS2DReductionGUI" name="SANS2DGUIReduction" time="4.75" totalTime="4.75"><memory>12.078125</memory></testcase><testcase classname="SystemTests.SANS2DReductionGUI" name="SANS2DMinimalBatchReduction" time="4.6" totalTime="4.6"><memory>10.65234375</memory></testcase><testcase classname="SystemTests.SANS2DReductionGUI" name="SANS2DMinimalSingleReduction" time="4.79" totalTime="4.79"><memory>7.21875</memory></testcase><testcase classname="SystemTests.ILLReflAutoProcessTest" name="D17Cycle181RoundRobinTest" time="1.12" totalTime="1.12"><memory>9.55078125</memory></testcase><testcase classname="SystemTests.ILLReflAutoProcessTest" name="D17Cycle192CoherentDanTest" time="0.49" totalTime="0.49"><memory>6.484375</memory></testcase><testcase classname="SystemTests.ILLReflAutoProcessTest" name="D17Cycle192IncoherentSanTest" time="0.53" totalTime="0.53"><memory>6.43359375</memory></testcase><testcase classname="SystemTests.D7AbsoluteCrossSectionsTest" name="ILL_D7_Powder_Test" time="3.33" totalTime="3.33"><memory>12.4921875</memory></testcase><testcase classname="SystemTests.D7AbsoluteCrossSectionsTest" name="ILL_D7_SingleCrystal_Test" time="4.23" totalTime="4.23"><memory>14.5078125</memory></testcase><testcase classname="SystemTests.D7AbsoluteCrossSectionsTest" name="ILL_D7_TimeOfFlight_Test" time="0.89" totalTime="0.89"><memory>10.44140625</memory></testcase><testcase classname="SystemTests.ISIS_PowderHRPDTest" name="CreateVanadiumNoSolidAngleTest" time="16.29" totalTime="16.29"><memory>12.55859375</memory></testcase><testcase classname="SystemTests.ISIS_PowderHRPDTest" name="FocusNoSolidAngleTest" time="1.08" totalTime="1.08"><memory>13.390625</memory></testcase><testcase classname="SystemTests.ISIS_PowderHRPDTest" name="VanadiumAndFocusWithSolidAngleTest" time="6.21" totalTime="6.21"><memory>11.49609375</memory></testcase><testcase classname="SystemTests.PowderDiffProfileCalibrateTest" name="VulcanExamineProfile" time="0.22" totalTime="0.22"><memory>9.23046875</memory></testcase><testcase classname="SystemTests.PowderDiffProfileCalibrateTest" name="VulcanSeqRefineProfileFromScratch" time="36.95" totalTime="36.95"><memory>7.62890625</memory></testcase><testcase classname="SystemTests.PowderDiffProfileCalibrateTest" name="VulcanSeqRefineProfileLoadPlus" time="6.15" totalTime="6.15"><memory>9.65234375</memory></testcase><testcase classname="SystemTests.ILLDetectorEfficiencyCorUserTest" name="IN4" time="0.15" totalTime="0.15"><memory>10.41796875</memory></testcase><testcase classname="SystemTests.ILLDetectorEfficiencyCorUserTest" name="IN5" time="16.95" totalTime="16.95"><memory>8.01953125</memory></testcase><testcase classname="SystemTests.ILLDetectorEfficiencyCorUserTest" name="IN6" time="0.15" totalTime="0.15"><memory>8.79296875</memory></testcase><testcase classname="SystemTests.VesuvioFittingTest" name="VesuvioFittingTest" time="0.85" totalTime="0.85"><memory>16.53125</memory></testcase><testcase classname="SystemTests.VesuvioFittingTest" name="VesuvioFittingWithKFreeTest" time="0.89" totalTime="0.89"><memory>16.56640625</memory></testcase><testcase classname="SystemTests.VesuvioFittingTest" name="VesuvioFittingWithQuadraticBackgroundTest" time="1.08" totalTime="1.08"><memory>16.55859375</memory></testcase><testcase classname="SystemTests.ILLSANSMultiProcessTest" name="ILL_SANS_D11B_KINE_MULTI_TEST" time="31.89" totalTime="31.89"><memory>15.59375</memory></testcase><testcase classname="SystemTests.ILLSANSMultiProcessTest" name="ILL_SANS_D11B_MONO_MULTI_TEST" time="18.57" totalTime="18.57"><memory>10.29296875</memory></testcase><testcase classname="SystemTests.ILLSANSMultiProcessTest" name="ILL_SANS_D33_MONO_MULTI_TEST" time="8.6" totalTime="8.6"><memory>4.37890625</memory></testcase><testcase classname="SystemTests.LRPrimaryFractionTest" name="ApplyToReducedDataTest" time="1.33" totalTime="1.33"><memory>13.15234375</memory></testcase><testcase classname="SystemTests.LRPrimaryFractionTest" name="LRPrimaryFractionTest" time="0.77" totalTime="0.77"><memory>4.82421875</memory></testcase><testcase classname="SystemTests.LRPrimaryFractionTest" name="LRPrimaryFractionWithRangeTest" time="0.66" totalTime="0.66"><memory>6.390625</memory></testcase><testcase classname="SystemTests.ConvertWANDSCDtoQTest" name="ConvertWANDSCDtoQTest" time="49.5" totalTime="49.5"><memory>10.12109375</memory></testcase><testcase classname="SystemTests.ConvertWANDSCDtoQTest" name="ConvertWANDSCDtoQ_HB3A_Test" time="7.4" totalTime="7.4"><memory>8.0078125</memory></testcase><testcase classname="SystemTests.ConvertWANDSCDtoQTest" name="ConvertWANDSCDtoQ_Rotate_Test" time="45.12" totalTime="45.12"><memory>6.234375</memory></testcase><testcase classname="SystemTests.GSASIIRefineFitPeaksTest" name="GSASIIRefineFitPeaksPawleyTest"><skipped message="
ConfigService-[Information] Unable to locate directory at: /etc/mantid/instrument
ConfigService-[Information] This is Mantid version 6.3.20220422.945 revision g8656f37
ConfigService-[Information] running on ndw1851 starting 2022-04-23T02:13Z
ConfigService-[Information] Properties file(s) loaded: /opt/mantidnightly/bin/Mantid.properties, /home/abc/.mantid/Mantid.user.properties
ConfigService-[Information] Unable to locate directory at: /etc/mantid/instrument
FrameworkManager-[Notice] Welcome to Mantid 6.3.20220422.945
FrameworkManager-[Notice] Please cite: http://dx.doi.org/10.1016/j.nima.2014.07.029 and this release: http://dx.doi.org/10.5286/Software/Mantid
FrameworkManager-[Information] Instrument updates disabled - cannot update instrument definitions.
FrameworkManager-[Information] Version check disabled.
">
ConfigService-[Information] Unable to locate directory at: /etc/mantid/instrument
ConfigService-[Information] This is Mantid version 6.3.20220422.945 revision g8656f37
ConfigService-[Information] running on ndw1851 starting 2022-04-23T02:13Z
ConfigService-[Information] Properties file(s) loaded: /opt/mantidnightly/bin/Mantid.properties, /home/abc/.mantid/Mantid.user.properties
ConfigService-[Information] Unable to locate directory at: /etc/mantid/instrument
FrameworkManager-[Notice] Welcome to Mantid 6.3.20220422.945
FrameworkManager-[Notice] Please cite: http://dx.doi.org/10.1016/j.nima.2014.07.029 and this release: http://dx.doi.org/10.5286/Software/Mantid
FrameworkManager-[Information] Instrument updates disabled - cannot update instrument definitions.
FrameworkManager-[Information] Version check disabled.
</skipped></testcase><testcase classname="SystemTests.GSASIIRefineFitPeaksTest" name="GSASIIRefineFitPeaksRietveldTest"><skipped message="
ConfigService-[Information] Unable to locate directory at: /etc/mantid/instrument
ConfigService-[Information] This is Mantid version 6.3.20220422.945 revision g8656f37
ConfigService-[Information] running on ndw1851 starting 2022-04-23T02:13Z
ConfigService-[Information] Properties file(s) loaded: /opt/mantidnightly/bin/Mantid.properties, /home/abc/.mantid/Mantid.user.properties
ConfigService-[Information] Unable to locate directory at: /etc/mantid/instrument
FrameworkManager-[Notice] Welcome to Mantid 6.3.20220422.945
FrameworkManager-[Notice] Please cite: http://dx.doi.org/10.1016/j.nima.2014.07.029 and this release: http://dx.doi.org/10.5286/Software/Mantid
FrameworkManager-[Information] Instrument updates disabled - cannot update instrument definitions.
FrameworkManager-[Information] Version check disabled.
">
ConfigService-[Information] Unable to locate directory at: /etc/mantid/instrument
ConfigService-[Information] This is Mantid version 6.3.20220422.945 revision g8656f37
ConfigService-[Information] running on ndw1851 starting 2022-04-23T02:13Z
ConfigService-[Information] Properties file(s) loaded: /opt/mantidnightly/bin/Mantid.properties, /home/abc/.mantid/Mantid.user.properties
ConfigService-[Information] Unable to locate directory at: /etc/mantid/instrument
FrameworkManager-[Notice] Welcome to Mantid 6.3.20220422.945
FrameworkManager-[Notice] Please cite: http://dx.doi.org/10.1016/j.nima.2014.07.029 and this release: http://dx.doi.org/10.5286/Software/Mantid
FrameworkManager-[Information] Instrument updates disabled - cannot update instrument definitions.
FrameworkManager-[Information] Version check disabled.
</skipped></testcase><testcase classname="SystemTests.GSASIIRefineFitPeaksTest" name="_AbstractGSASIIRefineFitPeaksTest"><skipped message="
ConfigService-[Information] Unable to locate directory at: /etc/mantid/instrument
ConfigService-[Information] This is Mantid version 6.3.20220422.945 revision g8656f37
ConfigService-[Information] running on ndw1851 starting 2022-04-23T02:13Z
ConfigService-[Information] Properties file(s) loaded: /opt/mantidnightly/bin/Mantid.properties, /home/abc/.mantid/Mantid.user.properties
ConfigService-[Information] Unable to locate directory at: /etc/mantid/instrument
FrameworkManager-[Notice] Welcome to Mantid 6.3.20220422.945
FrameworkManager-[Notice] Please cite: http://dx.doi.org/10.1016/j.nima.2014.07.029 and this release: http://dx.doi.org/10.5286/Software/Mantid
FrameworkManager-[Information] Instrument updates disabled - cannot update instrument definitions.
FrameworkManager-[Information] Version check disabled.
">
ConfigService-[Information] Unable to locate directory at: /etc/mantid/instrument
ConfigService-[Information] This is Mantid version 6.3.20220422.945 revision g8656f37
ConfigService-[Information] running on ndw1851 starting 2022-04-23T02:13Z
ConfigService-[Information] Properties file(s) loaded: /opt/mantidnightly/bin/Mantid.properties, /home/abc/.mantid/Mantid.user.properties
ConfigService-[Information] Unable to locate directory at: /etc/mantid/instrument
FrameworkManager-[Notice] Welcome to Mantid 6.3.20220422.945
FrameworkManager-[Notice] Please cite: http://dx.doi.org/10.1016/j.nima.2014.07.029 and this release: http://dx.doi.org/10.5286/Software/Mantid
FrameworkManager-[Information] Instrument updates disabled - cannot update instrument definitions.
FrameworkManager-[Information] Version check disabled.
</skipped></testcase><testcase classname="SystemTests.HFIREffAPIv2" name="HFIREffAPIv2" time="0.93" totalTime="0.93"><memory>4.90625</memory></testcase><testcase classname="SystemTests.HFIREffAPIv2" name="HFIRSensitivityDirectBeamCenter" time="1.03" totalTime="1.03"><memory>7.1328125</memory></testcase><testcase classname="SystemTests.HFIREffAPIv2" name="HFIRSensitivityScatteringBeamCenter" time="1.24" totalTime="1.24"><memory>3.91015625</memory></testcase><testcase classname="SystemTests.HFIRReductionAPIv2" name="HFIRAbsoluteScalingReference" time="0.38" totalTime="0.38"><memory>4.1875</memory></testcase><testcase classname="SystemTests.HFIRReductionAPIv2" name="HFIRAbsoluteScalingValue" time="0.3" totalTime="0.3"><memory>5.28515625</memory></testcase><testcase classname="SystemTests.HFIRReductionAPIv2" name="HFIRReductionAPIv2" time="0.82" totalTime="0.82"><memory>4.3203125</memory></testcase><testcase classname="SystemTests.ZOOMTransEventData" name="ZOOMTransmissionAddedEventDataTest" time="6.17" totalTime="6.17"><memory>28.57421875</memory></testcase><testcase classname="SystemTests.ZOOMTransEventData" name="ZOOMTransmissionAddedHistoDataTest" time="12.55" totalTime="12.55"><memory>25.73046875</memory></testcase><testcase classname="SystemTests.ZOOMTransEventData" name="ZOOMTransmissionEventDataTest" time="5.73" totalTime="5.73"><memory>31.578125</memory></testcase><testcase classname="SystemTests.SANS2DBatch" name="SANS2DBatch" time="1.68" totalTime="1.68"><memory>8.72265625</memory></testcase><testcase classname="SystemTests.SANS2DBatch" name="SANS2DNewSettingsCarriedAcrossInBatchMode" time="4.44" totalTime="4.44"><memory>12.65234375</memory></testcase><testcase classname="SystemTests.SANS2DBatch" name="SANS2DTUBESBatchWithZeroErrorCorrection" time="8.33" totalTime="8.33"><memory>9.109375</memory></testcase><testcase classname="SystemTests.SANS2DReloadWorkspaces" name="SANS2DFrontNoGravReloadWorkspace" time="1.11" totalTime="1.11"><memory>4.92578125</memory></testcase><testcase classname="SystemTests.SANS2DReloadWorkspaces" name="SANS2DWaveloopsReloadWorkspace" time="4.73" totalTime="4.73"><memory>9.11328125</memory></testcase><testcase classname="SystemTests.SANS2DReloadWorkspaces" name="SANSLOQReductionShouldAcceptLoadedWorkspaceSystemTest" time="3.94" totalTime="3.94"><memory>11.25390625</memory></testcase><testcase classname="SystemTests.SANS2DBatchTest_V2" name="SANS2DBatchTest_V2" time="1.58" totalTime="1.58"><memory>5.3046875</memory></testcase><testcase classname="SystemTests.SANS2DBatchTest_V2" name="SANS2DNewSettingsCarriedAcrossInBatchModeTest_V2" time="4.05" totalTime="4.05"><memory>10.67578125</memory></testcase><testcase classname="SystemTests.SANS2DBatchTest_V2" name="SANS2DTUBESBatchWithZeroErrorCorrectionTest_V2" time="7.1" totalTime="7.1"><memory>11.36328125</memory></testcase><testcase classname="SystemTests.SANS2DReductionGUI_V2" name="SANS2DMinimalBatchReductionTest_V2" time="4.84" totalTime="4.84"><memory>14.68359375</memory></testcase><testcase classname="SystemTests.SANS2DReductionGUI_V2" name="SANS2DMinimalSingleReductionTest_V2" time="4.89" totalTime="4.89"><memory>10.28515625</memory></testcase><testcase classname="SystemTests.SANS2DReductionGUI_V2" name="SANS2DSearchCentreGUI_V2" time="16.98" totalTime="16.98"><memory>12.9140625</memory></testcase><testcase classname="SystemTests.AbsorptionCorrectionTest" name="CompareAbsorptionCorrectionToInternationalTablesCylinder" time="1.47" totalTime="1.47"><memory>2.0859375</memory></testcase><testcase classname="SystemTests.AbsorptionCorrectionTest" name="CompareAbsorptionCorrectionToInternationalTablesSphere" time="1.39" totalTime="1.39"><memory>5.31640625</memory></testcase><testcase classname="SystemTests.ReflectometryISISSumBanksTest" name="ReflectometryISISSumAllBanksTest" time="0.2" totalTime="0.2"><memory>10.68359375</memory></testcase><testcase classname="SystemTests.ReflectometryISISSumBanksTest" name="ReflectometryISISSumBanksTest" time="0.07" totalTime="0.07"><memory>7.80859375</memory></testcase><testcase classname="SystemTests.CorelliPowderCalibrationTest" name="CorelliCalibrationApplyTest" time="13.78" totalTime="13.78"><memory>14.49609375</memory></testcase><testcase classname="SystemTests.CorelliPowderCalibrationTest" name="CorelliPowderCalibrationCreateTest" time="146.25" totalTime="146.25"><memory>37.23828125</memory></testcase><testcase classname="SystemTests.FindSatellitePeaksTest" name="FindSatellitePeaksTestAutoFindQ" time="4.47" totalTime="4.47"><memory>9.7265625</memory></testcase><testcase classname="SystemTests.FindSatellitePeaksTest" name="FindSatellitePeaksTestFixedNumQ" time="4.51" totalTime="4.51"><memory>6.25</memory></testcase><testcase classname="SystemTests.SimulatedDensityOfStatesEuphonicPackaging" name="SimulatedDensityOfStatesEuphonicTest" time="13.09" totalTime="13.09"><memory>32.12890625</memory></testcase><testcase classname="SystemTests.SimulatedDensityOfStatesEuphonicPackaging" name="SimulatedDensityOfStatesTest" time="0.01" totalTime="0.01"><memory>5.66796875</memory></testcase><testcase classname="SystemTests.EQSANSSolidAPIv2" name="EQSANSSolid" time="1.49" totalTime="1.49"><memory>12.203125</memory></testcase><testcase classname="SystemTests.EQSANSSolidAPIv2" name="EQSANSSolidEvent" time="1.65" totalTime="1.65"><memory>12.14453125</memory></testcase><testcase classname="SystemTests.ConvertHFIRSCDtoMDETest" name="ConvertHFIRSCDtoMDETest" time="17.52" totalTime="17.52"><memory>2.9765625</memory></testcase><testcase classname="SystemTests.ConvertHFIRSCDtoMDETest" name="ConvertHFIRSCDtoMDE_HB3A_Test" time="2.03" totalTime="2.03"><memory>14.6328125</memory></testcase><testcase classname="SystemTests.CodeConventions" name="Algorithms" time="0.14" totalTime="0.14"><memory>8.37890625</memory></testcase><testcase classname="SystemTests.CodeConventions" name="FitFunctions" time="0.0" totalTime="0.0"><memory>0.0</memory></testcase><testcase classname="SystemTests.SANSLOWCentreNoGrav_V2" name="SANSLOQCentreNoGravDefineCentreTest_V2" time="1.25" totalTime="1.25"><memory>7.64453125</memory></testcase><testcase classname="SystemTests.SANSLOWCentreNoGrav_V2" name="SANSLOQCentreNoGrav_V2" time="10.56" totalTime="10.56"><memory>9.859375</memory></testcase><testcase classname="SystemTests.SANSQResolutionTest" name="SANSQResolutionWithGravity" time="1.21" totalTime="1.21"><memory>6.70703125</memory></testcase><testcase classname="SystemTests.SANSQResolutionTest" name="SANSQResolutionWithoutGravity" time="1.19" totalTime="1.19"><memory>6.87109375</memory></testcase><testcase classname="SystemTests.SANSWorkspaceTypeTest" name="SANSProcessedEventWorkspaceInFile" time="0.02" totalTime="0.02"><memory>8.98046875</memory></testcase><testcase classname="SystemTests.SANSWorkspaceTypeTest" name="SANSProcessedHistoWorkspaceInFile" time="0.01" totalTime="0.01"><memory>3.1171875</memory></testcase><testcase classname="SystemTests.SANSLoadersTest" name="LoadAddedEventDataSampleTestSystemTest" time="6.5" totalTime="6.5"><memory>11.7734375</memory></testcase><testcase classname="SystemTests.SANSLoadersTest" name="LoadSampleTestSystemTest" time="20.57" totalTime="20.57"><memory>12.85546875</memory></testcase><testcase classname="SystemTests.SANSLOQCentreNoGrav" name="SANSLOQCentreNoGrav" time="18.91" totalTime="18.91"><memory>8.2578125</memory></testcase><testcase classname="SystemTests.SANSLOQCentreNoGrav" name="SANSLOQCentreNoGravDefineCentre" time="1.21" totalTime="1.21"><memory>4.5625</memory></testcase><testcase classname="SystemTests.SANS2DMultiPeriod_V2" name="SANS2DMultiPeriodBatchTest_V2" time="13.08" totalTime="13.08"><memory>6.77734375</memory></testcase><testcase classname="SystemTests.SANS2DMultiPeriod_V2" name="SANS2DMultiPeriodSingleTest_V2" time="13.2" totalTime="13.2"><memory>8.1328125</memory></testcase><testcase classname="SystemTests.SANS2DMultiPeriod" name="SANS2DMultiPeriodBatch" time="13.06" totalTime="13.06"><memory>11.11328125</memory></testcase><testcase classname="SystemTests.SANS2DMultiPeriod" name="SANS2DMultiPeriodSingle" time="12.69" totalTime="12.69"><memory>7.49609375</memory></testcase><testcase classname="SystemTests.SANS2DSlicingTest_V2" name="SANS2DMinimalBatchReductionSlicedTest_V2" time="7.8" totalTime="7.8"><memory>11.6171875</memory></testcase><testcase classname="SystemTests.SANS2DSlicingTest_V2" name="SANS2DMinimalSingleReductionSlicedTest_V2" time="7.89" totalTime="7.89"><memory>9.47265625</memory></testcase><testcase classname="SystemTests.SANS2DSlicing" name="SANS2DMinimalBatchReductionSliced" time="7.5" totalTime="7.5"><memory>11.3046875</memory></testcase><testcase classname="SystemTests.SANS2DSlicing" name="SANS2DMinimalSingleReductionSliced" time="7.42" totalTime="7.42"><memory>12.98828125</memory></testcase><testcase classname="SystemTests.LoadExedTest" name="LoadExedTest" time="0.56" totalTime="0.56"><memory>7.5859375</memory></testcase><testcase classname="SystemTests.WishAnalysis" name="WishAnalysis" time="10.33" totalTime="10.33"><memory>3.95703125</memory></testcase><testcase classname="SystemTests.WishMasking" name="WishMasking" time="17.32" totalTime="17.32"><memory>3.31640625</memory></testcase><testcase classname="SystemTests.MultiThreadedLoadNeXusTest" name="MultiThreadedLoadNeXusTest"><skipped message="
ConfigService-[Information] Unable to locate directory at: /etc/mantid/instrument
ConfigService-[Information] This is Mantid version 6.3.20220422.945 revision g8656f37
ConfigService-[Information] running on ndw1851 starting 2022-04-23T02:22Z
ConfigService-[Information] Properties file(s) loaded: /opt/mantidnightly/bin/Mantid.properties, /home/abc/.mantid/Mantid.user.properties
ConfigService-[Information] Unable to locate directory at: /etc/mantid/instrument
FrameworkManager-[Notice] Welcome to Mantid 6.3.20220422.945
FrameworkManager-[Notice] Please cite: http://dx.doi.org/10.1016/j.nima.2014.07.029 and this release: http://dx.doi.org/10.5286/Software/Mantid
FrameworkManager-[Information] Instrument updates disabled - cannot update instrument definitions.
FrameworkManager-[Information] Version check disabled.
">
ConfigService-[Information] Unable to locate directory at: /etc/mantid/instrument
ConfigService-[Information] This is Mantid version 6.3.20220422.945 revision g8656f37
ConfigService-[Information] running on ndw1851 starting 2022-04-23T02:22Z
ConfigService-[Information] Properties file(s) loaded: /opt/mantidnightly/bin/Mantid.properties, /home/abc/.mantid/Mantid.user.properties
ConfigService-[Information] Unable to locate directory at: /etc/mantid/instrument
FrameworkManager-[Notice] Welcome to Mantid 6.3.20220422.945
FrameworkManager-[Notice] Please cite: http://dx.doi.org/10.1016/j.nima.2014.07.029 and this release: http://dx.doi.org/10.5286/Software/Mantid
FrameworkManager-[Information] Instrument updates disabled - cannot update instrument definitions.
FrameworkManager-[Information] Version check disabled.
</skipped></testcase><testcase classname="SystemTests.ILLPowderEfficiencyClosureTest" name="ILLPowderEfficiencyClosureTest" time="156.03" totalTime="156.03"><memory>93.9921875</memory></testcase><testcase classname="SystemTests.MuonKerenFittingTest" name="MuonKerenFittingTest" time="0.04" totalTime="0.04"><memory>6.25</memory></testcase><testcase classname="SystemTests.EQSANSEffAPIv2" name="EQSANSEff" time="3.02" totalTime="3.02"><memory>19.52734375</memory></testcase><testcase classname="SystemTests.TOPAZPeakFinding" name="TOPAZPeakFinding" time="29.89" totalTime="29.89"><memory>15.11328125</memory></testcase><testcase classname="SystemTests.POLDIFitPeaks1DTest" name="POLDIFitPeaks1DTest" time="1.12" totalTime="1.12"><memory>3.6015625</memory></testcase><testcase classname="SystemTests.MuonMaxEntTest" name="MuonMaxEntTest" time="8.02" totalTime="8.02"><memory>14.60546875</memory></testcase><testcase classname="SystemTests.HYSPECReductionTest" name="HYSPECReductionTest" time="19.15" totalTime="19.15"><memory>35.9453125</memory></testcase><testcase classname="SystemTests.LoadCIFTest" name="LoadCIFDataWithTwoSectionsTest" time="0.31" totalTime="0.31"><memory>6.47265625</memory></testcase><testcase classname="SystemTests.ARCSReductionTest" name="ARCSReductionTest" time="22.82" totalTime="22.82"><memory>9.328125</memory></testcase><testcase classname="SystemTests.IndirectQuickRunTest" name="IndirectQuickRunTestRunner" time="0.0" totalTime="0.0"><memory>22.76953125</memory></testcase><testcase classname="SystemTests.SXDAnalysis" name="SXDAnalysis" time="3.6" totalTime="3.6"><memory>9.92578125</memory></testcase><testcase classname="SystemTests.WishDiffuseScattering" name="WishDiffuseScattering" time="14.0" totalTime="14.0"><memory>3.87109375</memory></testcase><testcase classname="SystemTests.ISISLoadingEventData" name="ISISLoadingEventData" time="5.07" totalTime="5.07"><memory>15.79296875</memory></testcase><testcase classname="SystemTests.EQSANSFlatTestAPIv2" name="EQSANSFlatTest"><skipped message="MissingRequiredFile">
ConfigService-[Information] Unable to locate directory at: /etc/mantid/instrument
ConfigService-[Information] This is Mantid version 6.3.20220422.945 revision g8656f37
ConfigService-[Information] running on ndw1851 starting 2022-04-23T02:28Z
ConfigService-[Information] Properties file(s) loaded: /opt/mantidnightly/bin/Mantid.properties, /home/abc/.mantid/Mantid.user.properties
ConfigService-[Information] Unable to locate directory at: /etc/mantid/instrument
FrameworkManager-[Notice] Welcome to Mantid 6.3.20220422.945
FrameworkManager-[Notice] Please cite: http://dx.doi.org/10.1016/j.nima.2014.07.029 and this release: http://dx.doi.org/10.5286/Software/Mantid
FrameworkManager-[Information] Instrument updates disabled - cannot update instrument definitions.
FrameworkManager-[Information] Version check disabled.
FileFinder-[Information] Unable to find run with hint /SNS/EQSANS/IPTS-5636/data/EQSANS_5704_event.nxs
FileFinder-[Information] Unable to find file path for /SNS/EQSANS/IPTS-5636/data/EQSANS_5704_event.nxs
FileFinder-[Information] Unable to find run with hint /SNS/EQSANS/IPTS-5636/data/EQSANS_5734_event.nxs
FileFinder-[Information] Unable to find file path for /SNS/EQSANS/IPTS-5636/data/EQSANS_5734_event.nxs
FileFinder-[Information] Unable to find run with hint /SNS/EQSANS/IPTS-5636/data/EQSANS_5732_event.nxs
FileFinder-[Information] Unable to find file path for /SNS/EQSANS/IPTS-5636/data/EQSANS_5732_event.nxs
FileFinder-[Information] Unable to find run with hint /SNS/EQSANS/IPTS-5636/data/EQSANS_5738_event.nxs
FileFinder-[Information] Unable to find file path for /SNS/EQSANS/IPTS-5636/data/EQSANS_5738_event.nxs
FileFinder-[Information] Unable to find run with hint /SNS/EQSANS/IPTS-5636/data/EQSANS_5729_event.nxs
FileFinder-[Information] Unable to find file path for /SNS/EQSANS/IPTS-5636/data/EQSANS_5729_event.nxs
FileFinder-[Information] Unable to find run with hint /SNS/EQSANS/IPTS-5636/data/EQSANS_5737_event.nxs
FileFinder-[Information] Unable to find file path for /SNS/EQSANS/IPTS-5636/data/EQSANS_5737_event.nxs
FileFinder-[Information] Unable to find run with hint /SNS/EQSANS/IPTS-5636/data/EQSANS_5703_event.nxs
FileFinder-[Information] Unable to find file path for /SNS/EQSANS/IPTS-5636/data/EQSANS_5703_event.nxs
Missing required file: '/SNS/EQSANS/IPTS-5636/data/EQSANS_5704_event.nxs'
Missing required file: '/SNS/EQSANS/IPTS-5636/data/EQSANS_5734_event.nxs'
Missing required file: '/SNS/EQSANS/IPTS-5636/data/EQSANS_5732_event.nxs'
Missing required file: '/SNS/EQSANS/IPTS-5636/data/EQSANS_5738_event.nxs'
Missing required file: '/SNS/EQSANS/IPTS-5636/data/EQSANS_5729_event.nxs'
Missing required file: '/SNS/EQSANS/IPTS-5636/data/EQSANS_5737_event.nxs'
Missing required file: '/SNS/EQSANS/IPTS-5636/data/EQSANS_5703_event.nxs'
</skipped></testcase><testcase classname="SystemTests.LoadLotsOfInstruments" name="LoadLotsOfInstruments" time="493.88" totalTime="493.88"><memory>138.25390625</memory></testcase><testcase classname="SystemTests.SortHKLTest" name="SortHKLTest" time="4.84" totalTime="4.84"><memory>2.0625</memory></testcase><testcase classname="SystemTests.MDNormCORELLITest" name="MDNormCORELLITest" time="15.75" totalTime="15.75"><memory>23.1328125</memory></testcase><testcase classname="SystemTests.ISISReflectometryWorkflowPreprocessingTest" name="ISISReflectometryWorkflowPreprocessingTest" time="0.23" totalTime="0.23"><memory>12.19921875</memory></testcase><testcase classname="SystemTests.SEQUOIAreduction" name="DirectInelaticSNSTest" time="13.53" totalTime="13.53"><memory>9.7890625</memory></testcase><testcase classname="SystemTests.ReduceOneSCD_Run" name="ReduceOneSCD_Run" time="21.1" totalTime="21.1"><memory>16.37890625</memory></testcase><testcase classname="SystemTests.MonteCarloAbsorptionCorrTest" name="CheckSampleOnlyAndEnvOnlyMatch" time="0.01" totalTime="0.01"><memory>0.51953125</memory></testcase><testcase classname="SystemTests.INTERLoadingTest" name="INTERLoadingTest" time="0.1" totalTime="0.1"><memory>13.17578125</memory></testcase><testcase classname="SystemTests.ReflectometryQuickPointDetector" name="ReflectometryQuickPointDetector" time="0.19" totalTime="0.19"><memory>10.296875</memory></testcase><testcase classname="SystemTests.Diffraction_Workflow_Test" name="Diffraction_Workflow_Test" time="40.11" totalTime="40.11"><memory>17.09765625</memory></testcase><testcase classname="SystemTests.SpaceGroupUnitCellTest" name="SpaceGroupUnitCellTest" time="0.18" totalTime="0.18"><memory>4.0625</memory></testcase><testcase classname="SystemTests.MaxEntTest" name="MaxEntTest" time="0.06" totalTime="0.06"><memory>10.609375</memory></testcase><testcase classname="SystemTests.CRISPLoadingTest" name="CRISPLoadingTest" time="0.1" totalTime="0.1"><memory>12.05078125</memory></testcase><testcase classname="SystemTests.PolDiffILLReductionTest" name="PolDiffILLReductionTest" time="18.63" totalTime="18.63"><memory>8.26953125</memory></testcase><testcase classname="SystemTests.IndirectDiffractionTests" name="OSIRISDiffonlyDiffractionTest" time="0.76" totalTime="0.76"><memory>2.90625</memory></testcase><testcase classname="SystemTests.SANSLoadTest" name="SANSLoadDataRunnerTest" time="0.0" totalTime="0.0"><memory>26.5703125</memory></testcase><testcase classname="SystemTests.SANSBeamCentreFinderCoreTest" name="SANSBeamCentreCoreRunnerTest" time="0.0" totalTime="0.0"><memory>18.8515625</memory></testcase><testcase classname="SystemTests.SANSFileChecking" name="SANSSwitchIDFTestRunner" time="9.45" totalTime="9.45"><memory>8.296875</memory></testcase><testcase classname="SystemTests.SANSSingleReductionTest" name="SANSReductionRunnerTest" time="0.0" totalTime="0.0"><memory>34.50390625</memory></testcase><testcase classname="SystemTests.SANSBatchReductionTest" name="SANSBatchReductionRunnerTest" time="0.0" totalTime="0.0"><memory>23.89453125</memory></testcase><testcase classname="SystemTests.SANSReductionCoreTest" name="SANSReductionCoreRunnerTest" time="0.0" totalTime="0.0"><memory>23.06640625</memory></testcase><testcase classname="SystemTests.SANSDiagnosticPageTest" name="SANSDiagnosticPageRunnerTest" time="0.0" totalTime="0.0"><memory>342.98828125</memory></testcase><testcase classname="SystemTests.SANS2DLimitEventsTime" name="SANS2DLimitEventsTime" time="1.85" totalTime="1.85"><memory>10.9140625</memory></testcase><testcase classname="SystemTests.SANS2DWaveloops" name="SANS2DWaveloops" time="4.9" totalTime="4.9"><memory>8.20703125</memory></testcase><testcase classname="SystemTests.SANS2DSearchCentreGUI" name="SANS2DGUISearchCentre" time="16.04" totalTime="16.04"><memory>17.765625</memory></testcase><testcase classname="SystemTests.SANS2DLimitEventsTime_V2" name="SANS2DLimitEventsTimeTest_V2" time="2.19" totalTime="2.19"><memory>7.484375</memory></testcase><testcase classname="SystemTests.SANS2D_empty_cycle_22_02" name="SANS2D_empty_22_02_1D_M3" time="10.66" totalTime="10.66"><memory>14.48046875</memory></testcase><testcase classname="SystemTests.CppInterfacesStartupTest" name="CppInterfacesStartupTest" time="3.56" totalTime="3.56"><memory>103.1484375</memory></testcase><testcase classname="SystemTests.PythonInterfacesStartupTest" name="PythonInterfacesStartupTest" time="2.55" totalTime="2.55"><memory>148.67578125</memory></testcase><testcase classname="SystemTests.WorkbenchStartupTest" name="WorkbenchStartupTest" time="3.09" totalTime="3.09"><memory>0.015625</memory></testcase><testcase classname="SystemTests.FitScriptGeneratorStartupTest" name="FitScriptGeneratorStartupTest" time="0.0" totalTime="0.0"><memory>20.34375</memory></testcase></testsuite>
